[2022/06/12 16:47:52][DEBUG](__init__.py:124) Initializing HTTP session.
[2022/06/12 16:47:53][INFO](main_4.py:254) BTC残高:0.00625002
[2022/06/12 16:47:53][INFO](main_4.py:255) ETH残高:0.10536937
[2022/06/12 16:47:53][INFO](main_4.py:256) SAND残高:145.43398
[2022/06/12 16:47:53][INFO](main_4.py:257) BNB残高:0.629344
[2022/06/12 16:47:54][INFO](main_4.py:263) BTC1.85
[2022/06/12 16:47:54][INFO](main_4.py:264) ETH-0.98
[2022/06/12 16:47:54][INFO](main_4.py:265) SAND-2.43
[2022/06/12 16:47:54][INFO](main_4.py:266) BNB0.17
[2022/06/12 16:47:56][WARNING](main_4.py:180) failed buy order
[2022/06/12 16:47:56][WARNING](main_4.py:181) Parameter 'quantity' was empty.
[2022/06/12 16:47:56][INFO](main_4.py:182) ETHUSDT
[2022/06/12 16:47:56][INFO](main_4.py:183) 0.39095119914218834
[2022/06/12 16:47:58][WARNING](main_4.py:180) failed buy order
[2022/06/12 16:47:58][WARNING](main_4.py:181) Parameter 'quantity' was empty.
[2022/06/12 16:47:58][INFO](main_4.py:182) BNBUSDT
[2022/06/12 16:47:58][INFO](main_4.py:183) 0.005513243548438851
[2022/06/12 16:47:58][INFO](main_4.py:351) 0
[2022/06/12 16:47:58][INFO](main_4.py:254) BTC残高:0.00581902
[2022/06/12 16:47:58][INFO](main_4.py:255) ETH残高:0.10536937
[2022/06/12 16:47:58][INFO](main_4.py:256) SAND残高:160.53886
[2022/06/12 16:47:58][INFO](main_4.py:257) BNB残高:0.625344
[2022/06/12 16:47:59][INFO](main_4.py:263) BTC0.01
[2022/06/12 16:47:59][INFO](main_4.py:264) ETH-0.98
[2022/06/12 16:47:59][INFO](main_4.py:265) SAND-0.09
[2022/06/12 16:47:59][INFO](main_4.py:266) BNB-0.01
[2022/06/12 16:47:59][INFO](main_4.py:351) 1
[2022/06/12 16:47:59][INFO](main_4.py:254) BTC残高:0.00581902
[2022/06/12 16:47:59][INFO](main_4.py:255) ETH残高:0.10536937
[2022/06/12 16:47:59][INFO](main_4.py:256) SAND残高:160.53886
[2022/06/12 16:47:59][INFO](main_4.py:257) BNB残高:0.625344
[2022/06/12 16:47:59][INFO](main_4.py:263) BTC0.01
[2022/06/12 16:47:59][INFO](main_4.py:264) ETH-0.98
[2022/06/12 16:47:59][INFO](main_4.py:265) SAND-0.09
[2022/06/12 16:47:59][INFO](main_4.py:266) BNB-0.01
[2022/06/12 16:47:59][INFO](main_4.py:351) 2
[2022/06/12 16:48:00][INFO](main_4.py:254) BTC残高:0.00581902
[2022/06/12 16:48:00][INFO](main_4.py:255) ETH残高:0.10536937
[2022/06/12 16:48:00][INFO](main_4.py:256) SAND残高:160.53886
[2022/06/12 16:48:00][INFO](main_4.py:257) BNB残高:0.625344
[2022/06/12 16:48:00][INFO](main_4.py:263) BTC0.01
[2022/06/12 16:48:00][INFO](main_4.py:264) ETH-0.98
[2022/06/12 16:48:00][INFO](main_4.py:265) SAND-0.09
[2022/06/12 16:48:00][INFO](main_4.py:266) BNB-0.01
[2022/06/12 16:48:00][INFO](main_4.py:351) 3
[2022/06/12 16:48:00][INFO](main_4.py:254) BTC残高:0.00581902
[2022/06/12 16:48:00][INFO](main_4.py:255) ETH残高:0.10536937
[2022/06/12 16:48:00][INFO](main_4.py:256) SAND残高:160.53886
[2022/06/12 16:48:00][INFO](main_4.py:257) BNB残高:0.625344
[2022/06/12 16:48:01][INFO](main_4.py:263) BTC0.01
[2022/06/12 16:48:01][INFO](main_4.py:264) ETH-0.98
[2022/06/12 16:48:01][INFO](main_4.py:265) SAND-0.09
[2022/06/12 16:48:01][INFO](main_4.py:266) BNB-0.01
[2022/06/12 16:48:01][INFO](main_4.py:351) 4
[2022/06/12 16:48:01][INFO](main_4.py:254) BTC残高:0.00581902
[2022/06/12 16:48:01][INFO](main_4.py:255) ETH残高:0.10536937
[2022/06/12 16:48:01][INFO](main_4.py:256) SAND残高:160.53886
[2022/06/12 16:48:01][INFO](main_4.py:257) BNB残高:0.625344
[2022/06/12 16:48:01][INFO](main_4.py:263) BTC0.01
[2022/06/12 16:48:01][INFO](main_4.py:264) ETH-0.98
[2022/06/12 16:48:01][INFO](main_4.py:265) SAND-0.09
[2022/06/12 16:48:01][INFO](main_4.py:266) BNB-0.01
[2022/06/12 16:48:01][INFO](main_4.py:351) 5
[2022/06/12 16:48:01][INFO](main_4.py:254) BTC残高:0.00581902
[2022/06/12 16:48:01][INFO](main_4.py:255) ETH残高:0.10536937
[2022/06/12 16:48:01][INFO](main_4.py:256) SAND残高:160.53886
[2022/06/12 16:48:01][INFO](main_4.py:257) BNB残高:0.625344
[2022/06/12 16:48:02][INFO](main_4.py:263) BTC0.01
[2022/06/12 16:48:02][INFO](main_4.py:264) ETH-0.98
[2022/06/12 16:48:02][INFO](main_4.py:265) SAND-0.09
[2022/06/12 16:48:02][INFO](main_4.py:266) BNB-0.01
[2022/06/12 16:48:02][INFO](main_4.py:351) 6
[2022/06/12 16:48:02][INFO](main_4.py:254) BTC残高:0.00581902
[2022/06/12 16:48:02][INFO](main_4.py:255) ETH残高:0.10536937
[2022/06/12 16:48:02][INFO](main_4.py:256) SAND残高:160.53886
[2022/06/12 16:48:02][INFO](main_4.py:257) BNB残高:0.625344
[2022/06/12 16:48:02][INFO](main_4.py:263) BTC0.01
[2022/06/12 16:48:02][INFO](main_4.py:264) ETH-0.99
[2022/06/12 16:48:02][INFO](main_4.py:265) SAND-0.1
[2022/06/12 16:48:02][INFO](main_4.py:266) BNB0.02
[2022/06/12 16:48:02][INFO](main_4.py:351) 7
[2022/06/12 16:48:02][INFO](main_4.py:254) BTC残高:0.00581902
[2022/06/12 16:48:02][INFO](main_4.py:255) ETH残高:0.10536937
[2022/06/12 16:48:02][INFO](main_4.py:256) SAND残高:160.53886
[2022/06/12 16:48:02][INFO](main_4.py:257) BNB残高:0.625344
[2022/06/12 16:48:03][INFO](main_4.py:263) BTC0.01
[2022/06/12 16:48:03][INFO](main_4.py:264) ETH-0.99
[2022/06/12 16:48:03][INFO](main_4.py:265) SAND-0.1
[2022/06/12 16:48:03][INFO](main_4.py:266) BNB0.02
[2022/06/12 16:48:03][INFO](main_4.py:351) 8
[2022/06/12 16:48:03][INFO](main_4.py:254) BTC残高:0.00581902
[2022/06/12 16:48:03][INFO](main_4.py:255) ETH残高:0.10536937
[2022/06/12 16:48:03][INFO](main_4.py:256) SAND残高:160.53886
[2022/06/12 16:48:03][INFO](main_4.py:257) BNB残高:0.625344
[2022/06/12 16:48:03][INFO](main_4.py:263) BTC0.01
[2022/06/12 16:48:03][INFO](main_4.py:264) ETH-0.99
[2022/06/12 16:48:03][INFO](main_4.py:265) SAND-0.1
[2022/06/12 16:48:03][INFO](main_4.py:266) BNB0.02
[2022/06/12 16:48:03][INFO](main_4.py:351) 9
[2022/06/12 16:48:03][INFO](main_4.py:254) BTC残高:0.00581902
[2022/06/12 16:48:03][INFO](main_4.py:255) ETH残高:0.10536937
[2022/06/12 16:48:03][INFO](main_4.py:256) SAND残高:160.53886
[2022/06/12 16:48:03][INFO](main_4.py:257) BNB残高:0.625344
[2022/06/12 16:48:04][INFO](main_4.py:263) BTC0.01
[2022/06/12 16:48:04][INFO](main_4.py:264) ETH-0.99
[2022/06/12 16:48:04][INFO](main_4.py:265) SAND-0.1
[2022/06/12 16:48:04][INFO](main_4.py:266) BNB0.02
[2022/06/12 16:48:04][INFO](main_4.py:351) 10
[2022/06/12 16:48:04][INFO](main_4.py:254) BTC残高:0.00581902
[2022/06/12 16:48:04][INFO](main_4.py:255) ETH残高:0.10536937
[2022/06/12 16:48:04][INFO](main_4.py:256) SAND残高:160.53886
[2022/06/12 16:48:04][INFO](main_4.py:257) BNB残高:0.625344
[2022/06/12 16:48:04][INFO](main_4.py:263) BTC0.01
[2022/06/12 16:48:04][INFO](main_4.py:264) ETH-0.99
[2022/06/12 16:48:04][INFO](main_4.py:265) SAND-0.1
[2022/06/12 16:48:04][INFO](main_4.py:266) BNB0.02
[2022/06/12 16:48:04][INFO](main_4.py:351) 11
[2022/06/12 16:48:04][INFO](main_4.py:254) BTC残高:0.00581902
[2022/06/12 16:48:04][INFO](main_4.py:255) ETH残高:0.10536937
[2022/06/12 16:48:04][INFO](main_4.py:256) SAND残高:160.53886
[2022/06/12 16:48:04][INFO](main_4.py:257) BNB残高:0.625344
[2022/06/12 16:48:05][INFO](main_4.py:263) BTC0.01
[2022/06/12 16:48:05][INFO](main_4.py:264) ETH-0.99
[2022/06/12 16:48:05][INFO](main_4.py:265) SAND-0.1
[2022/06/12 16:48:05][INFO](main_4.py:266) BNB0.02
[2022/06/12 16:48:05][INFO](main_4.py:351) 12
[2022/06/12 16:48:05][INFO](main_4.py:254) BTC残高:0.00581902
[2022/06/12 16:48:05][INFO](main_4.py:255) ETH残高:0.10536937
[2022/06/12 16:48:05][INFO](main_4.py:256) SAND残高:160.53886
[2022/06/12 16:48:05][INFO](main_4.py:257) BNB残高:0.625344
[2022/06/12 16:48:05][INFO](main_4.py:263) BTC0.01
[2022/06/12 16:48:05][INFO](main_4.py:264) ETH-0.98
[2022/06/12 16:48:05][INFO](main_4.py:265) SAND-0.11
[2022/06/12 16:48:05][INFO](main_4.py:266) BNB0.02
[2022/06/12 16:48:05][INFO](main_4.py:351) 13
[2022/06/12 16:48:05][INFO](main_4.py:254) BTC残高:0.00581902
[2022/06/12 16:48:05][INFO](main_4.py:255) ETH残高:0.10536937
[2022/06/12 16:48:05][INFO](main_4.py:256) SAND残高:160.53886
[2022/06/12 16:48:05][INFO](main_4.py:257) BNB残高:0.625344
[2022/06/12 16:48:06][INFO](main_4.py:263) BTC0.01
[2022/06/12 16:48:06][INFO](main_4.py:264) ETH-0.98
[2022/06/12 16:48:06][INFO](main_4.py:265) SAND-0.11
[2022/06/12 16:48:06][INFO](main_4.py:266) BNB0.02
[2022/06/12 16:48:06][INFO](main_4.py:351) 14
[2022/06/12 16:48:06][INFO](main_4.py:254) BTC残高:0.00581902
[2022/06/12 16:48:06][INFO](main_4.py:255) ETH残高:0.10536937
[2022/06/12 16:48:06][INFO](main_4.py:256) SAND残高:160.53886
[2022/06/12 16:48:06][INFO](main_4.py:257) BNB残高:0.625344
[2022/06/12 16:48:17][DEBUG](__init__.py:124) Initializing HTTP session.
[2022/06/12 16:48:17][INFO](main_4.py:254) BTC残高:0.00581902
[2022/06/12 16:48:17][INFO](main_4.py:255) ETH残高:0.10536937
[2022/06/12 16:48:17][INFO](main_4.py:256) SAND残高:160.53886
[2022/06/12 16:48:17][INFO](main_4.py:257) BNB残高:0.625344
[2022/06/12 16:48:18][INFO](main_4.py:263) BTC0.0
[2022/06/12 16:48:18][INFO](main_4.py:264) ETH-0.98
[2022/06/12 16:48:18][INFO](main_4.py:265) SAND-0.11
[2022/06/12 16:48:18][INFO](main_4.py:266) BNB0.02
[2022/06/12 16:48:18][INFO](main_4.py:351) 0
[2022/06/12 16:49:18][INFO](main_4.py:254) BTC残高:0.00581902
[2022/06/12 16:49:18][INFO](main_4.py:255) ETH残高:0.10536937
[2022/06/12 16:49:18][INFO](main_4.py:256) SAND残高:160.53886
[2022/06/12 16:49:18][INFO](main_4.py:257) BNB残高:0.625344
[2022/06/12 16:49:19][INFO](main_4.py:263) BTC0.01
[2022/06/12 16:49:19][INFO](main_4.py:264) ETH-0.97
[2022/06/12 16:49:19][INFO](main_4.py:265) SAND-0.1
[2022/06/12 16:49:19][INFO](main_4.py:266) BNB0.0
[2022/06/12 16:49:19][INFO](main_4.py:351) 1
[2022/06/12 16:50:19][INFO](main_4.py:254) BTC残高:0.00581902
[2022/06/12 16:50:19][INFO](main_4.py:255) ETH残高:0.10536937
[2022/06/12 16:50:19][INFO](main_4.py:256) SAND残高:160.53886
[2022/06/12 16:50:19][INFO](main_4.py:257) BNB残高:0.625344
[2022/06/12 16:50:20][INFO](main_4.py:263) BTC0.03
[2022/06/12 16:50:20][INFO](main_4.py:264) ETH-0.97
[2022/06/12 16:50:20][INFO](main_4.py:265) SAND-0.14
[2022/06/12 16:50:20][INFO](main_4.py:266) BNB0.02
[2022/06/12 16:50:20][INFO](main_4.py:351) 2
[2022/06/12 16:51:20][INFO](main_4.py:254) BTC残高:0.00581902
[2022/06/12 16:51:20][INFO](main_4.py:255) ETH残高:0.10536937
[2022/06/12 16:51:20][INFO](main_4.py:256) SAND残高:160.53886
[2022/06/12 16:51:20][INFO](main_4.py:257) BNB残高:0.625344
[2022/06/12 16:51:20][INFO](main_4.py:263) BTC0.02
[2022/06/12 16:51:20][INFO](main_4.py:264) ETH-0.96
[2022/06/12 16:51:20][INFO](main_4.py:265) SAND-0.1
[2022/06/12 16:51:20][INFO](main_4.py:266) BNB-0.02
[2022/06/12 16:51:20][INFO](main_4.py:351) 3
[2022/06/12 16:52:21][INFO](main_4.py:254) BTC残高:0.00581902
[2022/06/12 16:52:21][INFO](main_4.py:255) ETH残高:0.10536937
[2022/06/12 16:52:21][INFO](main_4.py:256) SAND残高:160.53886
[2022/06/12 16:52:21][INFO](main_4.py:257) BNB残高:0.625344
[2022/06/12 16:52:21][INFO](main_4.py:263) BTC0.0
[2022/06/12 16:52:21][INFO](main_4.py:264) ETH-0.97
[2022/06/12 16:52:21][INFO](main_4.py:265) SAND-0.09
[2022/06/12 16:52:21][INFO](main_4.py:266) BNB0.0
[2022/06/12 16:52:21][INFO](main_4.py:351) 4
[2022/06/12 16:53:21][INFO](main_4.py:254) BTC残高:0.00581902
[2022/06/12 16:53:21][INFO](main_4.py:255) ETH残高:0.10536937
[2022/06/12 16:53:21][INFO](main_4.py:256) SAND残高:160.53886
[2022/06/12 16:53:21][INFO](main_4.py:257) BNB残高:0.625344
[2022/06/12 16:53:22][INFO](main_4.py:263) BTC-0.03
[2022/06/12 16:53:22][INFO](main_4.py:264) ETH-0.95
[2022/06/12 16:53:22][INFO](main_4.py:265) SAND-0.08
[2022/06/12 16:53:22][INFO](main_4.py:266) BNB0.0
[2022/06/12 16:53:22][INFO](main_4.py:351) 5
[2022/06/12 16:54:22][INFO](main_4.py:254) BTC残高:0.00581902
[2022/06/12 16:54:22][INFO](main_4.py:255) ETH残高:0.10536937
[2022/06/12 16:54:22][INFO](main_4.py:256) SAND残高:160.53886
[2022/06/12 16:54:22][INFO](main_4.py:257) BNB残高:0.625344
[2022/06/12 16:54:22][INFO](main_4.py:263) BTC-0.06
[2022/06/12 16:54:22][INFO](main_4.py:264) ETH-0.97
[2022/06/12 16:54:22][INFO](main_4.py:265) SAND-0.04
[2022/06/12 16:54:22][INFO](main_4.py:266) BNB0.02
[2022/06/12 16:54:22][INFO](main_4.py:351) 6
[2022/06/12 16:55:23][INFO](main_4.py:254) BTC残高:0.00581902
[2022/06/12 16:55:23][INFO](main_4.py:255) ETH残高:0.10536937
[2022/06/12 16:55:23][INFO](main_4.py:256) SAND残高:160.53886
[2022/06/12 16:55:23][INFO](main_4.py:257) BNB残高:0.625344
[2022/06/12 16:55:23][INFO](main_4.py:263) BTC-0.05
[2022/06/12 16:55:23][INFO](main_4.py:264) ETH-0.96
[2022/06/12 16:55:23][INFO](main_4.py:265) SAND-0.08
[2022/06/12 16:55:23][INFO](main_4.py:266) BNB0.02
[2022/06/12 16:55:23][INFO](main_4.py:351) 7
[2022/06/12 16:56:24][INFO](main_4.py:254) BTC残高:0.00581902
[2022/06/12 16:56:24][INFO](main_4.py:255) ETH残高:0.10536937
[2022/06/12 16:56:24][INFO](main_4.py:256) SAND残高:160.53886
[2022/06/12 16:56:24][INFO](main_4.py:257) BNB残高:0.625344
[2022/06/12 16:56:24][INFO](main_4.py:263) BTC-0.07
[2022/06/12 16:56:24][INFO](main_4.py:264) ETH-1.0
[2022/06/12 16:56:24][INFO](main_4.py:265) SAND-0.06
[2022/06/12 16:56:24][INFO](main_4.py:266) BNB0.07
[2022/06/12 16:56:24][INFO](main_4.py:351) 8
[2022/06/12 16:57:24][INFO](main_4.py:254) BTC残高:0.00581902
[2022/06/12 16:57:24][INFO](main_4.py:255) ETH残高:0.10536937
[2022/06/12 16:57:24][INFO](main_4.py:256) SAND残高:160.53886
[2022/06/12 16:57:24][INFO](main_4.py:257) BNB残高:0.625344
[2022/06/12 16:57:25][INFO](main_4.py:263) BTC-0.07
[2022/06/12 16:57:25][INFO](main_4.py:264) ETH-0.98
[2022/06/12 16:57:25][INFO](main_4.py:265) SAND-0.05
[2022/06/12 16:57:25][INFO](main_4.py:266) BNB0.05
[2022/06/12 16:57:25][INFO](main_4.py:351) 9
[2022/06/12 16:58:25][INFO](main_4.py:254) BTC残高:0.00581902
[2022/06/12 16:58:25][INFO](main_4.py:255) ETH残高:0.10536937
[2022/06/12 16:58:25][INFO](main_4.py:256) SAND残高:160.53886
[2022/06/12 16:58:25][INFO](main_4.py:257) BNB残高:0.625344
[2022/06/12 16:58:25][INFO](main_4.py:263) BTC-0.06
[2022/06/12 16:58:25][INFO](main_4.py:264) ETH-0.95
[2022/06/12 16:58:25][INFO](main_4.py:265) SAND-0.09
[2022/06/12 16:58:25][INFO](main_4.py:266) BNB0.04
[2022/06/12 16:58:25][INFO](main_4.py:351) 10
[2022/06/12 16:59:26][INFO](main_4.py:254) BTC残高:0.00581902
[2022/06/12 16:59:26][INFO](main_4.py:255) ETH残高:0.10536937
[2022/06/12 16:59:26][INFO](main_4.py:256) SAND残高:160.53886
[2022/06/12 16:59:26][INFO](main_4.py:257) BNB残高:0.625344
[2022/06/12 16:59:26][INFO](main_4.py:263) BTC-0.08
[2022/06/12 16:59:26][INFO](main_4.py:264) ETH-0.97
[2022/06/12 16:59:26][INFO](main_4.py:265) SAND-0.02
[2022/06/12 16:59:26][INFO](main_4.py:266) BNB0.02
[2022/06/12 16:59:26][INFO](main_4.py:351) 11
[2022/06/12 17:00:26][INFO](main_4.py:254) BTC残高:0.00581902
[2022/06/12 17:00:26][INFO](main_4.py:255) ETH残高:0.10536937
[2022/06/12 17:00:26][INFO](main_4.py:256) SAND残高:160.53886
[2022/06/12 17:00:26][INFO](main_4.py:257) BNB残高:0.625344
[2022/06/12 17:00:27][INFO](main_4.py:263) BTC-0.09
[2022/06/12 17:00:27][INFO](main_4.py:264) ETH-1.0
[2022/06/12 17:00:27][INFO](main_4.py:265) SAND0.0
[2022/06/12 17:00:27][INFO](main_4.py:266) BNB0.04
[2022/06/12 17:00:27][INFO](main_4.py:351) 12
[2022/06/12 17:01:27][INFO](main_4.py:254) BTC残高:0.00581902
[2022/06/12 17:01:27][INFO](main_4.py:255) ETH残高:0.10536937
[2022/06/12 17:01:27][INFO](main_4.py:256) SAND残高:160.53886
[2022/06/12 17:01:27][INFO](main_4.py:257) BNB残高:0.625344
[2022/06/12 17:01:28][INFO](main_4.py:263) BTC-0.06
[2022/06/12 17:01:28][INFO](main_4.py:264) ETH-0.98
[2022/06/12 17:01:28][INFO](main_4.py:265) SAND-0.03
[2022/06/12 17:01:28][INFO](main_4.py:266) BNB0.03
[2022/06/12 17:01:28][INFO](main_4.py:351) 13
[2022/06/12 17:02:28][INFO](main_4.py:254) BTC残高:0.00581902
[2022/06/12 17:02:28][INFO](main_4.py:255) ETH残高:0.10536937
[2022/06/12 17:02:28][INFO](main_4.py:256) SAND残高:160.53886
[2022/06/12 17:02:28][INFO](main_4.py:257) BNB残高:0.625344
[2022/06/12 17:02:28][INFO](main_4.py:263) BTC-0.04
[2022/06/12 17:02:28][INFO](main_4.py:264) ETH-0.98
[2022/06/12 17:02:28][INFO](main_4.py:265) SAND-0.06
[2022/06/12 17:02:28][INFO](main_4.py:266) BNB0.02
[2022/06/12 17:02:28][INFO](main_4.py:351) 14
[2022/06/12 17:03:28][INFO](main_4.py:254) BTC残高:0.00581902
[2022/06/12 17:03:28][INFO](main_4.py:255) ETH残高:0.10536937
[2022/06/12 17:03:28][INFO](main_4.py:256) SAND残高:160.53886
[2022/06/12 17:03:28][INFO](main_4.py:257) BNB残高:0.625344
[2022/06/12 17:03:29][INFO](main_4.py:263) BTC-0.05
[2022/06/12 17:03:29][INFO](main_4.py:264) ETH-0.97
[2022/06/12 17:03:29][INFO](main_4.py:265) SAND-0.04
[2022/06/12 17:03:29][INFO](main_4.py:266) BNB0.0
[2022/06/12 17:03:29][INFO](main_4.py:351) 15
[2022/06/12 17:04:29][INFO](main_4.py:254) BTC残高:0.00581902
[2022/06/12 17:04:29][INFO](main_4.py:255) ETH残高:0.10536937
[2022/06/12 17:04:29][INFO](main_4.py:256) SAND残高:160.53886
[2022/06/12 17:04:29][INFO](main_4.py:257) BNB残高:0.625344
[2022/06/12 17:04:30][INFO](main_4.py:263) BTC-0.06
[2022/06/12 17:04:30][INFO](main_4.py:264) ETH-0.98
[2022/06/12 17:04:30][INFO](main_4.py:265) SAND-0.03
[2022/06/12 17:04:30][INFO](main_4.py:266) BNB0.01
[2022/06/12 17:04:30][INFO](main_4.py:351) 16
[2022/06/12 17:05:30][INFO](main_4.py:254) BTC残高:0.00581902
[2022/06/12 17:05:30][INFO](main_4.py:255) ETH残高:0.10536937
[2022/06/12 17:05:30][INFO](main_4.py:256) SAND残高:160.53886
[2022/06/12 17:05:30][INFO](main_4.py:257) BNB残高:0.625344
[2022/06/12 17:05:30][INFO](main_4.py:263) BTC-0.05
[2022/06/12 17:05:30][INFO](main_4.py:264) ETH-0.97
[2022/06/12 17:05:30][INFO](main_4.py:265) SAND-0.05
[2022/06/12 17:05:30][INFO](main_4.py:266) BNB0.02
[2022/06/12 17:05:30][INFO](main_4.py:351) 17
[2022/06/12 17:06:31][INFO](main_4.py:254) BTC残高:0.00581902
[2022/06/12 17:06:31][INFO](main_4.py:255) ETH残高:0.10536937
[2022/06/12 17:06:31][INFO](main_4.py:256) SAND残高:160.53886
[2022/06/12 17:06:31][INFO](main_4.py:257) BNB残高:0.625344
[2022/06/12 17:06:31][INFO](main_4.py:263) BTC-0.05
[2022/06/12 17:06:31][INFO](main_4.py:264) ETH-0.97
[2022/06/12 17:06:31][INFO](main_4.py:265) SAND-0.02
[2022/06/12 17:06:31][INFO](main_4.py:266) BNB-0.01
[2022/06/12 17:06:31][INFO](main_4.py:351) 18
[2022/06/12 17:07:31][INFO](main_4.py:254) BTC残高:0.00581902
[2022/06/12 17:07:31][INFO](main_4.py:255) ETH残高:0.10536937
[2022/06/12 17:07:31][INFO](main_4.py:256) SAND残高:160.53886
[2022/06/12 17:07:31][INFO](main_4.py:257) BNB残高:0.625344
[2022/06/12 17:07:31][INFO](main_4.py:263) BTC-0.05
[2022/06/12 17:07:31][INFO](main_4.py:264) ETH-0.97
[2022/06/12 17:07:31][INFO](main_4.py:265) SAND-0.04
[2022/06/12 17:07:31][INFO](main_4.py:266) BNB0.0
[2022/06/12 17:07:31][INFO](main_4.py:351) 19
[2022/06/12 17:08:32][INFO](main_4.py:254) BTC残高:0.00581902
[2022/06/12 17:08:32][INFO](main_4.py:255) ETH残高:0.10536937
[2022/06/12 17:08:32][INFO](main_4.py:256) SAND残高:160.53886
[2022/06/12 17:08:32][INFO](main_4.py:257) BNB残高:0.625344
[2022/06/12 17:08:32][INFO](main_4.py:263) BTC-0.06
[2022/06/12 17:08:32][INFO](main_4.py:264) ETH-0.98
[2022/06/12 17:08:32][INFO](main_4.py:265) SAND-0.05
[2022/06/12 17:08:32][INFO](main_4.py:266) BNB0.04
[2022/06/12 17:08:32][INFO](main_4.py:351) 20
[2022/06/12 17:09:33][INFO](main_4.py:254) BTC残高:0.00581902
[2022/06/12 17:09:33][INFO](main_4.py:255) ETH残高:0.10536937
[2022/06/12 17:09:33][INFO](main_4.py:256) SAND残高:160.53886
[2022/06/12 17:09:33][INFO](main_4.py:257) BNB残高:0.625344
[2022/06/12 17:09:34][INFO](main_4.py:263) BTC-0.06
[2022/06/12 17:09:34][INFO](main_4.py:264) ETH-0.98
[2022/06/12 17:09:34][INFO](main_4.py:265) SAND-0.05
[2022/06/12 17:09:34][INFO](main_4.py:266) BNB0.04
[2022/06/12 17:09:34][INFO](main_4.py:351) 21
[2022/06/12 17:10:34][INFO](main_4.py:254) BTC残高:0.00581902
[2022/06/12 17:10:34][INFO](main_4.py:255) ETH残高:0.10536937
[2022/06/12 17:10:34][INFO](main_4.py:256) SAND残高:160.53886
[2022/06/12 17:10:34][INFO](main_4.py:257) BNB残高:0.625344
[2022/06/12 17:10:34][INFO](main_4.py:263) BTC-0.06
[2022/06/12 17:10:34][INFO](main_4.py:264) ETH-0.98
[2022/06/12 17:10:34][INFO](main_4.py:265) SAND-0.06
[2022/06/12 17:10:34][INFO](main_4.py:266) BNB0.05
[2022/06/12 17:10:34][INFO](main_4.py:351) 22
[2022/06/12 17:11:35][INFO](main_4.py:254) BTC残高:0.00581902
[2022/06/12 17:11:35][INFO](main_4.py:255) ETH残高:0.10536937
[2022/06/12 17:11:35][INFO](main_4.py:256) SAND残高:160.53886
[2022/06/12 17:11:35][INFO](main_4.py:257) BNB残高:0.625344
[2022/06/12 17:11:35][INFO](main_4.py:263) BTC-0.06
[2022/06/12 17:11:35][INFO](main_4.py:264) ETH-0.96
[2022/06/12 17:11:35][INFO](main_4.py:265) SAND-0.09
[2022/06/12 17:11:35][INFO](main_4.py:266) BNB0.05
[2022/06/12 17:11:35][INFO](main_4.py:351) 23
[2022/06/12 17:12:35][INFO](main_4.py:254) BTC残高:0.00581902
[2022/06/12 17:12:35][INFO](main_4.py:255) ETH残高:0.10536937
[2022/06/12 17:12:35][INFO](main_4.py:256) SAND残高:160.53886
[2022/06/12 17:12:35][INFO](main_4.py:257) BNB残高:0.625344
[2022/06/12 17:12:36][INFO](main_4.py:263) BTC-0.06
[2022/06/12 17:12:36][INFO](main_4.py:264) ETH-0.97
[2022/06/12 17:12:36][INFO](main_4.py:265) SAND-0.08
[2022/06/12 17:12:36][INFO](main_4.py:266) BNB0.06
[2022/06/12 17:12:36][INFO](main_4.py:351) 24
[2022/06/12 17:13:36][INFO](main_4.py:254) BTC残高:0.00581902
[2022/06/12 17:13:36][INFO](main_4.py:255) ETH残高:0.10536937
[2022/06/12 17:13:36][INFO](main_4.py:256) SAND残高:160.53886
[2022/06/12 17:13:36][INFO](main_4.py:257) BNB残高:0.625344
[2022/06/12 17:13:36][INFO](main_4.py:263) BTC-0.05
[2022/06/12 17:13:36][INFO](main_4.py:264) ETH-0.96
[2022/06/12 17:13:36][INFO](main_4.py:265) SAND-0.07
[2022/06/12 17:13:36][INFO](main_4.py:266) BNB0.03
[2022/06/12 17:13:36][INFO](main_4.py:351) 25
[2022/06/12 17:14:36][INFO](main_4.py:254) BTC残高:0.00581902
[2022/06/12 17:14:36][INFO](main_4.py:255) ETH残高:0.10536937
[2022/06/12 17:14:36][INFO](main_4.py:256) SAND残高:160.53886
[2022/06/12 17:14:36][INFO](main_4.py:257) BNB残高:0.625344
[2022/06/12 17:14:37][INFO](main_4.py:263) BTC-0.04
[2022/06/12 17:14:37][INFO](main_4.py:264) ETH-0.98
[2022/06/12 17:14:37][INFO](main_4.py:265) SAND-0.06
[2022/06/12 17:14:37][INFO](main_4.py:266) BNB0.02
[2022/06/12 17:14:37][INFO](main_4.py:351) 26
[2022/06/12 17:15:37][INFO](main_4.py:254) BTC残高:0.00581902
[2022/06/12 17:15:37][INFO](main_4.py:255) ETH残高:0.10536937
[2022/06/12 17:15:37][INFO](main_4.py:256) SAND残高:160.53886
[2022/06/12 17:15:37][INFO](main_4.py:257) BNB残高:0.625344
[2022/06/12 17:15:37][INFO](main_4.py:263) BTC-0.06
[2022/06/12 17:15:37][INFO](main_4.py:264) ETH-0.97
[2022/06/12 17:15:37][INFO](main_4.py:265) SAND-0.05
[2022/06/12 17:15:37][INFO](main_4.py:266) BNB0.03
[2022/06/12 17:15:37][INFO](main_4.py:351) 27
[2022/06/12 17:16:37][INFO](main_4.py:254) BTC残高:0.00581902
[2022/06/12 17:16:37][INFO](main_4.py:255) ETH残高:0.10536937
[2022/06/12 17:16:37][INFO](main_4.py:256) SAND残高:160.53886
[2022/06/12 17:16:37][INFO](main_4.py:257) BNB残高:0.625344
[2022/06/12 17:16:38][INFO](main_4.py:263) BTC-0.06
[2022/06/12 17:16:38][INFO](main_4.py:264) ETH-0.94
[2022/06/12 17:16:38][INFO](main_4.py:265) SAND-0.08
[2022/06/12 17:16:38][INFO](main_4.py:266) BNB0.02
[2022/06/12 17:16:38][INFO](main_4.py:351) 28
[2022/06/12 17:17:38][INFO](main_4.py:254) BTC残高:0.00581902
[2022/06/12 17:17:38][INFO](main_4.py:255) ETH残高:0.10536937
[2022/06/12 17:17:38][INFO](main_4.py:256) SAND残高:160.53886
[2022/06/12 17:17:38][INFO](main_4.py:257) BNB残高:0.625344
[2022/06/12 17:17:38][INFO](main_4.py:263) BTC-0.08
[2022/06/12 17:17:38][INFO](main_4.py:264) ETH-0.96
[2022/06/12 17:17:38][INFO](main_4.py:265) SAND-0.05
[2022/06/12 17:17:38][INFO](main_4.py:266) BNB0.04
[2022/06/12 17:17:38][INFO](main_4.py:351) 29
[2022/06/12 17:18:39][INFO](main_4.py:254) BTC残高:0.00581902
[2022/06/12 17:18:39][INFO](main_4.py:255) ETH残高:0.10536937
[2022/06/12 17:18:39][INFO](main_4.py:256) SAND残高:160.53886
[2022/06/12 17:18:39][INFO](main_4.py:257) BNB残高:0.625344
[2022/06/12 17:18:39][INFO](main_4.py:263) BTC-0.08
[2022/06/12 17:18:39][INFO](main_4.py:264) ETH-0.94
[2022/06/12 17:18:39][INFO](main_4.py:265) SAND-0.06
[2022/06/12 17:18:39][INFO](main_4.py:266) BNB0.03
[2022/06/12 17:18:39][INFO](main_4.py:351) 30
[2022/06/12 17:19:39][INFO](main_4.py:254) BTC残高:0.00581902
[2022/06/12 17:19:39][INFO](main_4.py:255) ETH残高:0.10536937
[2022/06/12 17:19:39][INFO](main_4.py:256) SAND残高:160.53886
[2022/06/12 17:19:39][INFO](main_4.py:257) BNB残高:0.625344
[2022/06/12 17:19:40][INFO](main_4.py:263) BTC-0.08
[2022/06/12 17:19:40][INFO](main_4.py:264) ETH-0.92
[2022/06/12 17:19:40][INFO](main_4.py:265) SAND-0.08
[2022/06/12 17:19:40][INFO](main_4.py:266) BNB0.02
[2022/06/12 17:19:40][INFO](main_4.py:351) 31
[2022/06/12 17:20:40][INFO](main_4.py:254) BTC残高:0.00581902
[2022/06/12 17:20:40][INFO](main_4.py:255) ETH残高:0.10536937
[2022/06/12 17:20:40][INFO](main_4.py:256) SAND残高:160.53886
[2022/06/12 17:20:40][INFO](main_4.py:257) BNB残高:0.625344
[2022/06/12 17:20:40][INFO](main_4.py:263) BTC-0.09
[2022/06/12 17:20:40][INFO](main_4.py:264) ETH-0.96
[2022/06/12 17:20:40][INFO](main_4.py:265) SAND-0.03
[2022/06/12 17:20:40][INFO](main_4.py:266) BNB0.02
[2022/06/12 17:20:40][INFO](main_4.py:351) 32
[2022/06/12 17:21:41][INFO](main_4.py:254) BTC残高:0.00581902
[2022/06/12 17:21:41][INFO](main_4.py:255) ETH残高:0.10536937
[2022/06/12 17:21:41][INFO](main_4.py:256) SAND残高:160.53886
[2022/06/12 17:21:41][INFO](main_4.py:257) BNB残高:0.625344
[2022/06/12 17:21:41][INFO](main_4.py:263) BTC-0.08
[2022/06/12 17:21:41][INFO](main_4.py:264) ETH-0.97
[2022/06/12 17:21:41][INFO](main_4.py:265) SAND-0.05
[2022/06/12 17:21:41][INFO](main_4.py:266) BNB0.04
[2022/06/12 17:21:41][INFO](main_4.py:351) 33
[2022/06/12 17:22:41][INFO](main_4.py:254) BTC残高:0.00581902
[2022/06/12 17:22:41][INFO](main_4.py:255) ETH残高:0.10536937
[2022/06/12 17:22:41][INFO](main_4.py:256) SAND残高:160.53886
[2022/06/12 17:22:41][INFO](main_4.py:257) BNB残高:0.625344
[2022/06/12 17:22:41][INFO](main_4.py:263) BTC-0.07
[2022/06/12 17:22:41][INFO](main_4.py:264) ETH-0.97
[2022/06/12 17:22:41][INFO](main_4.py:265) SAND-0.05
[2022/06/12 17:22:41][INFO](main_4.py:266) BNB0.04
[2022/06/12 17:22:41][INFO](main_4.py:351) 34
[2022/06/12 17:23:42][INFO](main_4.py:254) BTC残高:0.00581902
[2022/06/12 17:23:42][INFO](main_4.py:255) ETH残高:0.10536937
[2022/06/12 17:23:42][INFO](main_4.py:256) SAND残高:160.53886
[2022/06/12 17:23:42][INFO](main_4.py:257) BNB残高:0.625344
[2022/06/12 17:23:42][INFO](main_4.py:263) BTC-0.07
[2022/06/12 17:23:42][INFO](main_4.py:264) ETH-0.96
[2022/06/12 17:23:42][INFO](main_4.py:265) SAND-0.05
[2022/06/12 17:23:42][INFO](main_4.py:266) BNB0.03
[2022/06/12 17:23:42][INFO](main_4.py:351) 35
[2022/06/12 17:24:42][INFO](main_4.py:254) BTC残高:0.00581902
[2022/06/12 17:24:42][INFO](main_4.py:255) ETH残高:0.10536937
[2022/06/12 17:24:42][INFO](main_4.py:256) SAND残高:160.53886
[2022/06/12 17:24:42][INFO](main_4.py:257) BNB残高:0.625344
[2022/06/12 17:24:43][INFO](main_4.py:263) BTC-0.09
[2022/06/12 17:24:43][INFO](main_4.py:264) ETH-0.97
[2022/06/12 17:24:43][INFO](main_4.py:265) SAND-0.02
[2022/06/12 17:24:43][INFO](main_4.py:266) BNB0.02
[2022/06/12 17:24:43][INFO](main_4.py:351) 36
[2022/06/12 17:25:43][INFO](main_4.py:254) BTC残高:0.00581902
[2022/06/12 17:25:43][INFO](main_4.py:255) ETH残高:0.10536937
[2022/06/12 17:25:43][INFO](main_4.py:256) SAND残高:160.53886
[2022/06/12 17:25:43][INFO](main_4.py:257) BNB残高:0.625344
[2022/06/12 17:25:43][INFO](main_4.py:263) BTC-0.09
[2022/06/12 17:25:43][INFO](main_4.py:264) ETH-0.97
[2022/06/12 17:25:43][INFO](main_4.py:265) SAND0.0
[2022/06/12 17:25:43][INFO](main_4.py:266) BNB0.0
[2022/06/12 17:25:43][INFO](main_4.py:351) 37
[2022/06/12 17:26:43][INFO](main_4.py:254) BTC残高:0.00581902
[2022/06/12 17:26:43][INFO](main_4.py:255) ETH残高:0.10536937
[2022/06/12 17:26:43][INFO](main_4.py:256) SAND残高:160.53886
[2022/06/12 17:26:43][INFO](main_4.py:257) BNB残高:0.625344
[2022/06/12 17:26:44][INFO](main_4.py:263) BTC-0.1
[2022/06/12 17:26:44][INFO](main_4.py:264) ETH-0.96
[2022/06/12 17:26:44][INFO](main_4.py:265) SAND0.04
[2022/06/12 17:26:44][INFO](main_4.py:266) BNB-0.03
[2022/06/12 17:26:44][INFO](main_4.py:351) 38
[2022/06/12 17:27:44][INFO](main_4.py:254) BTC残高:0.00581902
[2022/06/12 17:27:44][INFO](main_4.py:255) ETH残高:0.10536937
[2022/06/12 17:27:44][INFO](main_4.py:256) SAND残高:160.53886
[2022/06/12 17:27:44][INFO](main_4.py:257) BNB残高:0.625344
[2022/06/12 17:27:45][INFO](main_4.py:263) BTC-0.14
[2022/06/12 17:27:45][INFO](main_4.py:264) ETH-0.99
[2022/06/12 17:27:45][INFO](main_4.py:265) SAND0.14
[2022/06/12 17:27:45][INFO](main_4.py:266) BNB-0.06
[2022/06/12 17:27:45][WARNING](main_4.py:148) failed sell order
[2022/06/12 17:27:45][WARNING](main_4.py:149) Order quantity lower than the minimum.
[2022/06/12 17:27:45][INFO](main_4.py:150) SANDUSDT
[2022/06/12 17:27:45][INFO](main_4.py:151) 0.2265108244523347
[2022/06/12 17:27:46][INFO](main_4.py:351) 39
[2022/06/12 17:28:46][INFO](main_4.py:254) BTC残高:0.00581902
[2022/06/12 17:28:46][INFO](main_4.py:255) ETH残高:0.10536937
[2022/06/12 17:28:46][INFO](main_4.py:256) SAND残高:160.53886
[2022/06/12 17:28:46][INFO](main_4.py:257) BNB残高:0.625344
[2022/06/12 17:28:46][INFO](main_4.py:263) BTC-0.16
[2022/06/12 17:28:46][INFO](main_4.py:264) ETH-0.98
[2022/06/12 17:28:46][INFO](main_4.py:265) SAND0.09
[2022/06/12 17:28:46][INFO](main_4.py:266) BNB0.01
[2022/06/12 17:28:46][INFO](main_4.py:351) 40
[2022/06/12 17:29:46][INFO](main_4.py:254) BTC残高:0.00581902
[2022/06/12 17:29:46][INFO](main_4.py:255) ETH残高:0.10536937
[2022/06/12 17:29:46][INFO](main_4.py:256) SAND残高:160.53886
[2022/06/12 17:29:46][INFO](main_4.py:257) BNB残高:0.625344
[2022/06/12 17:29:47][INFO](main_4.py:263) BTC-0.16
[2022/06/12 17:29:47][INFO](main_4.py:264) ETH-0.99
[2022/06/12 17:29:47][INFO](main_4.py:265) SAND0.09
[2022/06/12 17:29:47][INFO](main_4.py:266) BNB0.02
[2022/06/12 17:29:47][INFO](main_4.py:351) 41
[2022/06/12 17:30:47][INFO](main_4.py:254) BTC残高:0.00581902
[2022/06/12 17:30:47][INFO](main_4.py:255) ETH残高:0.10536937
[2022/06/12 17:30:47][INFO](main_4.py:256) SAND残高:160.53886
[2022/06/12 17:30:47][INFO](main_4.py:257) BNB残高:0.625344
[2022/06/12 17:30:47][INFO](main_4.py:263) BTC-0.18
[2022/06/12 17:30:47][INFO](main_4.py:264) ETH-0.99
[2022/06/12 17:30:47][INFO](main_4.py:265) SAND0.19
[2022/06/12 17:30:47][INFO](main_4.py:266) BNB-0.07
[2022/06/12 17:30:49][INFO](main_4.py:351) 42
[2022/06/12 17:31:49][INFO](main_4.py:254) BTC残高:0.00581902
[2022/06/12 17:31:49][INFO](main_4.py:255) ETH残高:0.10536937
[2022/06/12 17:31:49][INFO](main_4.py:256) SAND残高:159.92886
[2022/06/12 17:31:49][INFO](main_4.py:257) BNB残高:0.625344
[2022/06/12 17:31:49][INFO](main_4.py:263) BTC-0.21
[2022/06/12 17:31:49][INFO](main_4.py:264) ETH-0.95
[2022/06/12 17:31:49][INFO](main_4.py:265) SAND0.07
[2022/06/12 17:31:49][INFO](main_4.py:266) BNB-0.05
[2022/06/12 17:31:49][INFO](main_4.py:351) 43
[2022/06/12 17:32:49][INFO](main_4.py:254) BTC残高:0.00581902
[2022/06/12 17:32:49][INFO](main_4.py:255) ETH残高:0.10536937
[2022/06/12 17:32:49][INFO](main_4.py:256) SAND残高:159.92886
[2022/06/12 17:32:49][INFO](main_4.py:257) BNB残高:0.625344
[2022/06/12 17:32:50][INFO](main_4.py:263) BTC-0.22
[2022/06/12 17:32:50][INFO](main_4.py:264) ETH-0.97
[2022/06/12 17:32:50][INFO](main_4.py:265) SAND0.08
[2022/06/12 17:32:50][INFO](main_4.py:266) BNB-0.02
[2022/06/12 17:32:50][INFO](main_4.py:351) 44
[2022/06/12 17:33:50][INFO](main_4.py:254) BTC残高:0.00581902
[2022/06/12 17:33:50][INFO](main_4.py:255) ETH残高:0.10536937
[2022/06/12 17:33:50][INFO](main_4.py:256) SAND残高:159.92886
[2022/06/12 17:33:50][INFO](main_4.py:257) BNB残高:0.625344
[2022/06/12 17:33:50][INFO](main_4.py:263) BTC-0.19
[2022/06/12 17:33:50][INFO](main_4.py:264) ETH-0.97
[2022/06/12 17:33:50][INFO](main_4.py:265) SAND0.08
[2022/06/12 17:33:50][INFO](main_4.py:266) BNB-0.06
[2022/06/12 17:33:50][INFO](main_4.py:351) 45
[2022/06/12 17:34:50][INFO](main_4.py:254) BTC残高:0.00581902
[2022/06/12 17:34:50][INFO](main_4.py:255) ETH残高:0.10536937
[2022/06/12 17:34:50][INFO](main_4.py:256) SAND残高:159.92886
[2022/06/12 17:34:50][INFO](main_4.py:257) BNB残高:0.625344
[2022/06/12 17:34:51][INFO](main_4.py:263) BTC-0.2
[2022/06/12 17:34:51][INFO](main_4.py:264) ETH-0.99
[2022/06/12 17:34:51][INFO](main_4.py:265) SAND0.01
[2022/06/12 17:34:51][INFO](main_4.py:266) BNB0.04
[2022/06/12 17:34:51][INFO](main_4.py:351) 46
[2022/06/12 17:35:51][INFO](main_4.py:254) BTC残高:0.00581902
[2022/06/12 17:35:51][INFO](main_4.py:255) ETH残高:0.10536937
[2022/06/12 17:35:51][INFO](main_4.py:256) SAND残高:159.92886
[2022/06/12 17:35:51][INFO](main_4.py:257) BNB残高:0.625344
[2022/06/12 17:35:51][INFO](main_4.py:263) BTC-0.16
[2022/06/12 17:35:51][INFO](main_4.py:264) ETH-0.98
[2022/06/12 17:35:51][INFO](main_4.py:265) SAND0.01
[2022/06/12 17:35:51][INFO](main_4.py:266) BNB-0.02
[2022/06/12 17:35:51][INFO](main_4.py:351) 47
[2022/06/12 17:36:51][INFO](main_4.py:254) BTC残高:0.00581902
[2022/06/12 17:36:51][INFO](main_4.py:255) ETH残高:0.10536937
[2022/06/12 17:36:51][INFO](main_4.py:256) SAND残高:159.92886
[2022/06/12 17:36:51][INFO](main_4.py:257) BNB残高:0.625344
[2022/06/12 17:36:52][INFO](main_4.py:263) BTC-0.14
[2022/06/12 17:36:52][INFO](main_4.py:264) ETH-0.95
[2022/06/12 17:36:52][INFO](main_4.py:265) SAND-0.03
[2022/06/12 17:36:52][INFO](main_4.py:266) BNB-0.02
[2022/06/12 17:36:52][INFO](main_4.py:351) 48
[2022/06/12 17:37:52][INFO](main_4.py:254) BTC残高:0.00581902
[2022/06/12 17:37:52][INFO](main_4.py:255) ETH残高:0.10536937
[2022/06/12 17:37:52][INFO](main_4.py:256) SAND残高:159.92886
[2022/06/12 17:37:52][INFO](main_4.py:257) BNB残高:0.625344
[2022/06/12 17:37:52][INFO](main_4.py:263) BTC-0.15
[2022/06/12 17:37:52][INFO](main_4.py:264) ETH-0.98
[2022/06/12 17:37:52][INFO](main_4.py:265) SAND-0.07
[2022/06/12 17:37:52][INFO](main_4.py:266) BNB0.06
[2022/06/12 17:37:52][INFO](main_4.py:351) 49
[2022/06/12 17:38:53][INFO](main_4.py:254) BTC残高:0.00581902
[2022/06/12 17:38:53][INFO](main_4.py:255) ETH残高:0.10536937
[2022/06/12 17:38:53][INFO](main_4.py:256) SAND残高:159.92886
[2022/06/12 17:38:53][INFO](main_4.py:257) BNB残高:0.625344
[2022/06/12 17:38:53][INFO](main_4.py:263) BTC-0.12
[2022/06/12 17:38:53][INFO](main_4.py:264) ETH-0.97
[2022/06/12 17:38:53][INFO](main_4.py:265) SAND-0.07
[2022/06/12 17:38:53][INFO](main_4.py:266) BNB0.02
[2022/06/12 17:38:53][INFO](main_4.py:351) 50
[2022/06/12 17:39:53][INFO](main_4.py:254) BTC残高:0.00581902
[2022/06/12 17:39:53][INFO](main_4.py:255) ETH残高:0.10536937
[2022/06/12 17:39:53][INFO](main_4.py:256) SAND残高:159.92886
[2022/06/12 17:39:53][INFO](main_4.py:257) BNB残高:0.625344
[2022/06/12 17:39:54][INFO](main_4.py:263) BTC-0.14
[2022/06/12 17:39:54][INFO](main_4.py:264) ETH-0.97
[2022/06/12 17:39:54][INFO](main_4.py:265) SAND-0.04
[2022/06/12 17:39:54][INFO](main_4.py:266) BNB0.0
[2022/06/12 17:39:54][INFO](main_4.py:351) 51
[2022/06/12 17:40:54][INFO](main_4.py:254) BTC残高:0.00581902
[2022/06/12 17:40:54][INFO](main_4.py:255) ETH残高:0.10536937
[2022/06/12 17:40:54][INFO](main_4.py:256) SAND残高:159.92886
[2022/06/12 17:40:54][INFO](main_4.py:257) BNB残高:0.625344
[2022/06/12 17:40:54][INFO](main_4.py:263) BTC-0.13
[2022/06/12 17:40:54][INFO](main_4.py:264) ETH-0.97
[2022/06/12 17:40:54][INFO](main_4.py:265) SAND-0.05
[2022/06/12 17:40:54][INFO](main_4.py:266) BNB0.0
[2022/06/12 17:40:54][INFO](main_4.py:351) 52
[2022/06/12 17:41:54][INFO](main_4.py:254) BTC残高:0.00581902
[2022/06/12 17:41:54][INFO](main_4.py:255) ETH残高:0.10536937
[2022/06/12 17:41:54][INFO](main_4.py:256) SAND残高:159.92886
[2022/06/12 17:41:54][INFO](main_4.py:257) BNB残高:0.625344
[2022/06/12 17:41:55][INFO](main_4.py:263) BTC-0.12
[2022/06/12 17:41:55][INFO](main_4.py:264) ETH-0.95
[2022/06/12 17:41:55][INFO](main_4.py:265) SAND-0.04
[2022/06/12 17:41:55][INFO](main_4.py:266) BNB-0.04
[2022/06/12 17:41:55][INFO](main_4.py:351) 53
[2022/06/12 17:42:55][INFO](main_4.py:254) BTC残高:0.00581902
[2022/06/12 17:42:55][INFO](main_4.py:255) ETH残高:0.10536937
[2022/06/12 17:42:55][INFO](main_4.py:256) SAND残高:159.92886
[2022/06/12 17:42:55][INFO](main_4.py:257) BNB残高:0.625344
[2022/06/12 17:42:55][INFO](main_4.py:263) BTC-0.12
[2022/06/12 17:42:55][INFO](main_4.py:264) ETH-0.97
[2022/06/12 17:42:55][INFO](main_4.py:265) SAND-0.08
[2022/06/12 17:42:55][INFO](main_4.py:266) BNB0.03
[2022/06/12 17:42:55][INFO](main_4.py:351) 54
[2022/06/12 17:43:56][INFO](main_4.py:254) BTC残高:0.00581902
[2022/06/12 17:43:56][INFO](main_4.py:255) ETH残高:0.10536937
[2022/06/12 17:43:56][INFO](main_4.py:256) SAND残高:159.92886
[2022/06/12 17:43:56][INFO](main_4.py:257) BNB残高:0.625344
[2022/06/12 17:43:56][INFO](main_4.py:263) BTC-0.13
[2022/06/12 17:43:56][INFO](main_4.py:264) ETH-0.96
[2022/06/12 17:43:56][INFO](main_4.py:265) SAND-0.07
[2022/06/12 17:43:56][INFO](main_4.py:266) BNB0.02
[2022/06/12 17:43:56][INFO](main_4.py:351) 55
[2022/06/12 17:44:56][INFO](main_4.py:254) BTC残高:0.00581902
[2022/06/12 17:44:56][INFO](main_4.py:255) ETH残高:0.10536937
[2022/06/12 17:44:56][INFO](main_4.py:256) SAND残高:159.92886
[2022/06/12 17:44:56][INFO](main_4.py:257) BNB残高:0.625344
[2022/06/12 17:44:57][INFO](main_4.py:263) BTC-0.13
[2022/06/12 17:44:57][INFO](main_4.py:264) ETH-0.97
[2022/06/12 17:44:57][INFO](main_4.py:265) SAND-0.08
[2022/06/12 17:44:57][INFO](main_4.py:266) BNB0.04
[2022/06/12 17:44:57][INFO](main_4.py:351) 56
[2022/06/12 17:45:57][INFO](main_4.py:254) BTC残高:0.00581902
[2022/06/12 17:45:57][INFO](main_4.py:255) ETH残高:0.10536937
[2022/06/12 17:45:57][INFO](main_4.py:256) SAND残高:159.92886
[2022/06/12 17:45:57][INFO](main_4.py:257) BNB残高:0.625344
[2022/06/12 17:45:57][INFO](main_4.py:263) BTC-0.12
[2022/06/12 17:45:57][INFO](main_4.py:264) ETH-0.95
[2022/06/12 17:45:57][INFO](main_4.py:265) SAND-0.09
[2022/06/12 17:45:57][INFO](main_4.py:266) BNB0.02
[2022/06/12 17:45:57][INFO](main_4.py:351) 57
[2022/06/12 17:46:57][INFO](main_4.py:254) BTC残高:0.00581902
[2022/06/12 17:46:57][INFO](main_4.py:255) ETH残高:0.10536937
[2022/06/12 17:46:57][INFO](main_4.py:256) SAND残高:159.92886
[2022/06/12 17:46:57][INFO](main_4.py:257) BNB残高:0.625344
[2022/06/12 17:46:58][INFO](main_4.py:263) BTC-0.13
[2022/06/12 17:46:58][INFO](main_4.py:264) ETH-0.96
[2022/06/12 17:46:58][INFO](main_4.py:265) SAND-0.09
[2022/06/12 17:46:58][INFO](main_4.py:266) BNB0.03
[2022/06/12 17:46:58][INFO](main_4.py:351) 58
[2022/06/12 17:47:58][INFO](main_4.py:254) BTC残高:0.00581902
[2022/06/12 17:47:58][INFO](main_4.py:255) ETH残高:0.10536937
[2022/06/12 17:47:58][INFO](main_4.py:256) SAND残高:159.92886
[2022/06/12 17:47:58][INFO](main_4.py:257) BNB残高:0.625344
[2022/06/12 17:47:58][INFO](main_4.py:263) BTC-0.11
[2022/06/12 17:47:58][INFO](main_4.py:264) ETH-0.97
[2022/06/12 17:47:58][INFO](main_4.py:265) SAND-0.11
[2022/06/12 17:47:58][INFO](main_4.py:266) BNB0.04
[2022/06/12 17:47:58][INFO](main_4.py:351) 59
[2022/06/12 17:48:58][INFO](main_4.py:254) BTC残高:0.00581902
[2022/06/12 17:48:58][INFO](main_4.py:255) ETH残高:0.10536937
[2022/06/12 17:48:58][INFO](main_4.py:256) SAND残高:159.92886
[2022/06/12 17:48:58][INFO](main_4.py:257) BNB残高:0.625344
[2022/06/12 17:48:59][INFO](main_4.py:263) BTC-0.1
[2022/06/12 17:48:59][INFO](main_4.py:264) ETH-0.95
[2022/06/12 17:48:59][INFO](main_4.py:265) SAND-0.12
[2022/06/12 17:48:59][INFO](main_4.py:266) BNB0.02
[2022/06/12 17:48:59][INFO](main_4.py:351) 60
[2022/06/12 17:49:59][INFO](main_4.py:254) BTC残高:0.00581902
[2022/06/12 17:49:59][INFO](main_4.py:255) ETH残高:0.10536937
[2022/06/12 17:49:59][INFO](main_4.py:256) SAND残高:159.92886
[2022/06/12 17:49:59][INFO](main_4.py:257) BNB残高:0.625344
[2022/06/12 17:49:59][INFO](main_4.py:263) BTC-0.1
[2022/06/12 17:49:59][INFO](main_4.py:264) ETH-0.94
[2022/06/12 17:49:59][INFO](main_4.py:265) SAND-0.09
[2022/06/12 17:49:59][INFO](main_4.py:266) BNB-0.02
[2022/06/12 17:49:59][INFO](main_4.py:351) 61
[2022/06/12 17:51:00][INFO](main_4.py:254) BTC残高:0.00581902
[2022/06/12 17:51:00][INFO](main_4.py:255) ETH残高:0.10536937
[2022/06/12 17:51:00][INFO](main_4.py:256) SAND残高:159.92886
[2022/06/12 17:51:00][INFO](main_4.py:257) BNB残高:0.625344
[2022/06/12 17:51:00][INFO](main_4.py:263) BTC-0.1
[2022/06/12 17:51:00][INFO](main_4.py:264) ETH-0.94
[2022/06/12 17:51:00][INFO](main_4.py:265) SAND-0.09
[2022/06/12 17:51:00][INFO](main_4.py:266) BNB-0.02
[2022/06/12 17:51:00][INFO](main_4.py:351) 62
[2022/06/12 17:52:00][INFO](main_4.py:254) BTC残高:0.00581902
[2022/06/12 17:52:00][INFO](main_4.py:255) ETH残高:0.10536937
[2022/06/12 17:52:00][INFO](main_4.py:256) SAND残高:159.92886
[2022/06/12 17:52:00][INFO](main_4.py:257) BNB残高:0.625344
[2022/06/12 17:52:01][INFO](main_4.py:263) BTC-0.12
[2022/06/12 17:52:01][INFO](main_4.py:264) ETH-0.95
[2022/06/12 17:52:01][INFO](main_4.py:265) SAND-0.13
[2022/06/12 17:52:01][INFO](main_4.py:266) BNB0.05
[2022/06/12 17:52:01][INFO](main_4.py:351) 63
[2022/06/12 17:53:01][INFO](main_4.py:254) BTC残高:0.00581902
[2022/06/12 17:53:01][INFO](main_4.py:255) ETH残高:0.10536937
[2022/06/12 17:53:01][INFO](main_4.py:256) SAND残高:159.92886
[2022/06/12 17:53:01][INFO](main_4.py:257) BNB残高:0.625344
[2022/06/12 17:53:01][INFO](main_4.py:263) BTC-0.13
[2022/06/12 17:53:01][INFO](main_4.py:264) ETH-0.96
[2022/06/12 17:53:01][INFO](main_4.py:265) SAND-0.09
[2022/06/12 17:53:01][INFO](main_4.py:266) BNB0.04
[2022/06/12 17:53:01][INFO](main_4.py:351) 64
[2022/06/12 17:54:01][INFO](main_4.py:254) BTC残高:0.00581902
[2022/06/12 17:54:01][INFO](main_4.py:255) ETH残高:0.10536937
[2022/06/12 17:54:01][INFO](main_4.py:256) SAND残高:159.92886
[2022/06/12 17:54:01][INFO](main_4.py:257) BNB残高:0.625344
[2022/06/12 17:54:02][INFO](main_4.py:263) BTC-0.13
[2022/06/12 17:54:02][INFO](main_4.py:264) ETH-0.96
[2022/06/12 17:54:02][INFO](main_4.py:265) SAND-0.09
[2022/06/12 17:54:02][INFO](main_4.py:266) BNB0.04
[2022/06/12 17:54:02][INFO](main_4.py:351) 65
[2022/06/12 17:55:02][INFO](main_4.py:254) BTC残高:0.00581902
[2022/06/12 17:55:02][INFO](main_4.py:255) ETH残高:0.10536937
[2022/06/12 17:55:02][INFO](main_4.py:256) SAND残高:159.92886
[2022/06/12 17:55:02][INFO](main_4.py:257) BNB残高:0.625344
[2022/06/12 17:55:02][INFO](main_4.py:263) BTC-0.12
[2022/06/12 17:55:02][INFO](main_4.py:264) ETH-0.98
[2022/06/12 17:55:02][INFO](main_4.py:265) SAND-0.1
[2022/06/12 17:55:02][INFO](main_4.py:266) BNB0.06
[2022/06/12 17:55:02][INFO](main_4.py:351) 66
[2022/06/12 17:56:02][INFO](main_4.py:254) BTC残高:0.00581902
[2022/06/12 17:56:02][INFO](main_4.py:255) ETH残高:0.10536937
[2022/06/12 17:56:02][INFO](main_4.py:256) SAND残高:159.92886
[2022/06/12 17:56:02][INFO](main_4.py:257) BNB残高:0.625344
[2022/06/12 17:56:03][INFO](main_4.py:263) BTC-0.12
[2022/06/12 17:56:03][INFO](main_4.py:264) ETH-0.95
[2022/06/12 17:56:03][INFO](main_4.py:265) SAND-0.13
[2022/06/12 17:56:03][INFO](main_4.py:266) BNB0.05
[2022/06/12 17:56:03][INFO](main_4.py:351) 67
[2022/06/12 17:57:03][INFO](main_4.py:254) BTC残高:0.00581902
[2022/06/12 17:57:03][INFO](main_4.py:255) ETH残高:0.10536937
[2022/06/12 17:57:03][INFO](main_4.py:256) SAND残高:159.92886
[2022/06/12 17:57:03][INFO](main_4.py:257) BNB残高:0.625344
[2022/06/12 17:57:03][INFO](main_4.py:263) BTC-0.11
[2022/06/12 17:57:03][INFO](main_4.py:264) ETH-0.95
[2022/06/12 17:57:03][INFO](main_4.py:265) SAND-0.16
[2022/06/12 17:57:03][INFO](main_4.py:266) BNB0.07
[2022/06/12 17:57:03][INFO](main_4.py:351) 68
[2022/06/12 17:58:03][INFO](main_4.py:254) BTC残高:0.00581902
[2022/06/12 17:58:03][INFO](main_4.py:255) ETH残高:0.10536937
[2022/06/12 17:58:03][INFO](main_4.py:256) SAND残高:159.92886
[2022/06/12 17:58:03][INFO](main_4.py:257) BNB残高:0.625344
[2022/06/12 17:58:04][INFO](main_4.py:263) BTC-0.1
[2022/06/12 17:58:04][INFO](main_4.py:264) ETH-0.94
[2022/06/12 17:58:04][INFO](main_4.py:265) SAND-0.15
[2022/06/12 17:58:04][INFO](main_4.py:266) BNB0.05
[2022/06/12 17:58:04][INFO](main_4.py:351) 69
[2022/06/12 17:59:04][INFO](main_4.py:254) BTC残高:0.00581902
[2022/06/12 17:59:04][INFO](main_4.py:255) ETH残高:0.10536937
[2022/06/12 17:59:04][INFO](main_4.py:256) SAND残高:159.92886
[2022/06/12 17:59:04][INFO](main_4.py:257) BNB残高:0.625344
[2022/06/12 17:59:04][INFO](main_4.py:263) BTC-0.11
[2022/06/12 17:59:04][INFO](main_4.py:264) ETH-0.96
[2022/06/12 17:59:04][INFO](main_4.py:265) SAND-0.11
[2022/06/12 17:59:04][INFO](main_4.py:266) BNB0.03
[2022/06/12 17:59:04][INFO](main_4.py:351) 70
[2022/06/12 18:00:05][INFO](main_4.py:254) BTC残高:0.00581902
[2022/06/12 18:00:05][INFO](main_4.py:255) ETH残高:0.10536937
[2022/06/12 18:00:05][INFO](main_4.py:256) SAND残高:159.92886
[2022/06/12 18:00:05][INFO](main_4.py:257) BNB残高:0.625344
[2022/06/12 18:00:05][INFO](main_4.py:263) BTC-0.12
[2022/06/12 18:00:05][INFO](main_4.py:264) ETH-0.97
[2022/06/12 18:00:05][INFO](main_4.py:265) SAND-0.12
[2022/06/12 18:00:05][INFO](main_4.py:266) BNB0.06
[2022/06/12 18:00:05][INFO](main_4.py:351) 71
[2022/06/12 18:01:05][INFO](main_4.py:254) BTC残高:0.00581902
[2022/06/12 18:01:05][INFO](main_4.py:255) ETH残高:0.10536937
[2022/06/12 18:01:05][INFO](main_4.py:256) SAND残高:159.92886
[2022/06/12 18:01:05][INFO](main_4.py:257) BNB残高:0.625344
[2022/06/12 18:01:06][INFO](main_4.py:263) BTC-0.12
[2022/06/12 18:01:06][INFO](main_4.py:264) ETH-0.98
[2022/06/12 18:01:06][INFO](main_4.py:265) SAND-0.11
[2022/06/12 18:01:06][INFO](main_4.py:266) BNB0.06
[2022/06/12 18:01:06][INFO](main_4.py:351) 72
[2022/06/12 18:02:06][INFO](main_4.py:254) BTC残高:0.00581902
[2022/06/12 18:02:06][INFO](main_4.py:255) ETH残高:0.10536937
[2022/06/12 18:02:06][INFO](main_4.py:256) SAND残高:159.92886
[2022/06/12 18:02:06][INFO](main_4.py:257) BNB残高:0.625344
[2022/06/12 18:02:06][INFO](main_4.py:263) BTC-0.1
[2022/06/12 18:02:06][INFO](main_4.py:264) ETH-0.95
[2022/06/12 18:02:06][INFO](main_4.py:265) SAND-0.11
[2022/06/12 18:02:06][INFO](main_4.py:266) BNB0.01
[2022/06/12 18:02:06][INFO](main_4.py:351) 73
[2022/06/12 18:03:07][INFO](main_4.py:254) BTC残高:0.00581902
[2022/06/12 18:03:07][INFO](main_4.py:255) ETH残高:0.10536937
[2022/06/12 18:03:07][INFO](main_4.py:256) SAND残高:159.92886
[2022/06/12 18:03:07][INFO](main_4.py:257) BNB残高:0.625344
[2022/06/12 18:03:07][INFO](main_4.py:263) BTC-0.1
[2022/06/12 18:03:07][INFO](main_4.py:264) ETH-0.94
[2022/06/12 18:03:07][INFO](main_4.py:265) SAND-0.11
[2022/06/12 18:03:07][INFO](main_4.py:266) BNB-0.01
[2022/06/12 18:03:07][INFO](main_4.py:351) 74
[2022/06/12 18:04:07][INFO](main_4.py:254) BTC残高:0.00581902
[2022/06/12 18:04:07][INFO](main_4.py:255) ETH残高:0.10536937
[2022/06/12 18:04:07][INFO](main_4.py:256) SAND残高:159.92886
[2022/06/12 18:04:07][INFO](main_4.py:257) BNB残高:0.625344
[2022/06/12 18:04:08][INFO](main_4.py:263) BTC-0.1
[2022/06/12 18:04:08][INFO](main_4.py:264) ETH-0.95
[2022/06/12 18:04:08][INFO](main_4.py:265) SAND-0.09
[2022/06/12 18:04:08][INFO](main_4.py:266) BNB0.0
[2022/06/12 18:04:08][INFO](main_4.py:351) 75
[2022/06/12 18:05:08][INFO](main_4.py:254) BTC残高:0.00581902
[2022/06/12 18:05:08][INFO](main_4.py:255) ETH残高:0.10536937
[2022/06/12 18:05:08][INFO](main_4.py:256) SAND残高:159.92886
[2022/06/12 18:05:08][INFO](main_4.py:257) BNB残高:0.625344
[2022/06/12 18:05:08][INFO](main_4.py:263) BTC-0.12
[2022/06/12 18:05:08][INFO](main_4.py:264) ETH-0.95
[2022/06/12 18:05:08][INFO](main_4.py:265) SAND-0.12
[2022/06/12 18:05:08][INFO](main_4.py:266) BNB0.04
[2022/06/12 18:05:08][INFO](main_4.py:351) 76
[2022/06/12 18:06:08][INFO](main_4.py:254) BTC残高:0.00581902
[2022/06/12 18:06:08][INFO](main_4.py:255) ETH残高:0.10536937
[2022/06/12 18:06:08][INFO](main_4.py:256) SAND残高:159.92886
[2022/06/12 18:06:08][INFO](main_4.py:257) BNB残高:0.625344
[2022/06/12 18:06:09][INFO](main_4.py:263) BTC-0.12
[2022/06/12 18:06:09][INFO](main_4.py:264) ETH-0.96
[2022/06/12 18:06:09][INFO](main_4.py:265) SAND-0.11
[2022/06/12 18:06:09][INFO](main_4.py:266) BNB0.05
[2022/06/12 18:06:09][INFO](main_4.py:351) 77
[2022/06/12 18:07:09][INFO](main_4.py:254) BTC残高:0.00581902
[2022/06/12 18:07:09][INFO](main_4.py:255) ETH残高:0.10536937
[2022/06/12 18:07:09][INFO](main_4.py:256) SAND残高:159.92886
[2022/06/12 18:07:09][INFO](main_4.py:257) BNB残高:0.625344
[2022/06/12 18:07:09][INFO](main_4.py:263) BTC-0.11
[2022/06/12 18:07:09][INFO](main_4.py:264) ETH-0.94
[2022/06/12 18:07:09][INFO](main_4.py:265) SAND-0.13
[2022/06/12 18:07:09][INFO](main_4.py:266) BNB0.03
[2022/06/12 18:07:09][INFO](main_4.py:351) 78
[2022/06/12 18:08:09][INFO](main_4.py:254) BTC残高:0.00581902
[2022/06/12 18:08:09][INFO](main_4.py:255) ETH残高:0.10536937
[2022/06/12 18:08:09][INFO](main_4.py:256) SAND残高:159.92886
[2022/06/12 18:08:09][INFO](main_4.py:257) BNB残高:0.625344
[2022/06/12 18:08:10][INFO](main_4.py:263) BTC-0.12
[2022/06/12 18:08:10][INFO](main_4.py:264) ETH-0.96
[2022/06/12 18:08:10][INFO](main_4.py:265) SAND-0.12
[2022/06/12 18:08:10][INFO](main_4.py:266) BNB0.04
[2022/06/12 18:08:10][INFO](main_4.py:351) 79
[2022/06/12 18:09:10][INFO](main_4.py:254) BTC残高:0.00581902
[2022/06/12 18:09:10][INFO](main_4.py:255) ETH残高:0.10536937
[2022/06/12 18:09:10][INFO](main_4.py:256) SAND残高:159.92886
[2022/06/12 18:09:10][INFO](main_4.py:257) BNB残高:0.625344
[2022/06/12 18:09:10][INFO](main_4.py:263) BTC-0.11
[2022/06/12 18:09:10][INFO](main_4.py:264) ETH-0.95
[2022/06/12 18:09:10][INFO](main_4.py:265) SAND-0.13
[2022/06/12 18:09:10][INFO](main_4.py:266) BNB0.04
[2022/06/12 18:09:10][INFO](main_4.py:351) 80
[2022/06/12 18:10:10][INFO](main_4.py:254) BTC残高:0.00581902
[2022/06/12 18:10:10][INFO](main_4.py:255) ETH残高:0.10536937
[2022/06/12 18:10:10][INFO](main_4.py:256) SAND残高:159.92886
[2022/06/12 18:10:10][INFO](main_4.py:257) BNB残高:0.625344
[2022/06/12 18:10:11][INFO](main_4.py:263) BTC-0.12
[2022/06/12 18:10:11][INFO](main_4.py:264) ETH-0.95
[2022/06/12 18:10:11][INFO](main_4.py:265) SAND-0.13
[2022/06/12 18:10:11][INFO](main_4.py:266) BNB0.05
[2022/06/12 18:10:11][INFO](main_4.py:351) 81
[2022/06/12 18:11:11][INFO](main_4.py:254) BTC残高:0.00581902
[2022/06/12 18:11:11][INFO](main_4.py:255) ETH残高:0.10536937
[2022/06/12 18:11:11][INFO](main_4.py:256) SAND残高:159.92886
[2022/06/12 18:11:11][INFO](main_4.py:257) BNB残高:0.625344
[2022/06/12 18:11:11][INFO](main_4.py:263) BTC-0.11
[2022/06/12 18:11:11][INFO](main_4.py:264) ETH-0.92
[2022/06/12 18:11:11][INFO](main_4.py:265) SAND-0.15
[2022/06/12 18:11:11][INFO](main_4.py:266) BNB0.03
[2022/06/12 18:11:11][INFO](main_4.py:351) 82
[2022/06/12 18:12:12][INFO](main_4.py:254) BTC残高:0.00581902
[2022/06/12 18:12:12][INFO](main_4.py:255) ETH残高:0.10536937
[2022/06/12 18:12:12][INFO](main_4.py:256) SAND残高:159.92886
[2022/06/12 18:12:12][INFO](main_4.py:257) BNB残高:0.625344
[2022/06/12 18:12:12][INFO](main_4.py:263) BTC-0.15
[2022/06/12 18:12:12][INFO](main_4.py:264) ETH-0.94
[2022/06/12 18:12:12][INFO](main_4.py:265) SAND-0.09
[2022/06/12 18:12:12][INFO](main_4.py:266) BNB0.04
[2022/06/12 18:12:12][INFO](main_4.py:351) 83
[2022/06/12 18:13:12][INFO](main_4.py:254) BTC残高:0.00581902
[2022/06/12 18:13:12][INFO](main_4.py:255) ETH残高:0.10536937
[2022/06/12 18:13:12][INFO](main_4.py:256) SAND残高:159.92886
[2022/06/12 18:13:12][INFO](main_4.py:257) BNB残高:0.625344
[2022/06/12 18:13:13][INFO](main_4.py:263) BTC-0.16
[2022/06/12 18:13:13][INFO](main_4.py:264) ETH-0.95
[2022/06/12 18:13:13][INFO](main_4.py:265) SAND-0.11
[2022/06/12 18:13:13][INFO](main_4.py:266) BNB0.07
[2022/06/12 18:13:13][INFO](main_4.py:351) 84
[2022/06/12 18:14:13][INFO](main_4.py:254) BTC残高:0.00581902
[2022/06/12 18:14:13][INFO](main_4.py:255) ETH残高:0.10536937
[2022/06/12 18:14:13][INFO](main_4.py:256) SAND残高:159.92886
[2022/06/12 18:14:13][INFO](main_4.py:257) BNB残高:0.625344
[2022/06/12 18:14:13][INFO](main_4.py:263) BTC-0.17
[2022/06/12 18:14:13][INFO](main_4.py:264) ETH-0.96
[2022/06/12 18:14:13][INFO](main_4.py:265) SAND-0.08
[2022/06/12 18:14:13][INFO](main_4.py:266) BNB0.07
[2022/06/12 18:14:13][INFO](main_4.py:351) 85
[2022/06/12 18:15:14][INFO](main_4.py:254) BTC残高:0.00581902
[2022/06/12 18:15:14][INFO](main_4.py:255) ETH残高:0.10536937
[2022/06/12 18:15:14][INFO](main_4.py:256) SAND残高:159.92886
[2022/06/12 18:15:14][INFO](main_4.py:257) BNB残高:0.625344
[2022/06/12 18:15:14][INFO](main_4.py:263) BTC-0.13
[2022/06/12 18:15:14][INFO](main_4.py:264) ETH-0.93
[2022/06/12 18:15:14][INFO](main_4.py:265) SAND-0.15
[2022/06/12 18:15:14][INFO](main_4.py:266) BNB0.07
[2022/06/12 18:15:14][INFO](main_4.py:351) 86
[2022/06/12 18:16:14][INFO](main_4.py:254) BTC残高:0.00581902
[2022/06/12 18:16:14][INFO](main_4.py:255) ETH残高:0.10536937
[2022/06/12 18:16:14][INFO](main_4.py:256) SAND残高:159.92886
[2022/06/12 18:16:14][INFO](main_4.py:257) BNB残高:0.625344
[2022/06/12 18:16:15][INFO](main_4.py:263) BTC-0.13
[2022/06/12 18:16:15][INFO](main_4.py:264) ETH-0.96
[2022/06/12 18:16:15][INFO](main_4.py:265) SAND-0.14
[2022/06/12 18:16:15][INFO](main_4.py:266) BNB0.08
[2022/06/12 18:16:15][INFO](main_4.py:351) 87
[2022/06/12 18:17:15][INFO](main_4.py:254) BTC残高:0.00581902
[2022/06/12 18:17:15][INFO](main_4.py:255) ETH残高:0.10536937
[2022/06/12 18:17:15][INFO](main_4.py:256) SAND残高:159.92886
[2022/06/12 18:17:15][INFO](main_4.py:257) BNB残高:0.625344
[2022/06/12 18:17:15][INFO](main_4.py:263) BTC-0.14
[2022/06/12 18:17:15][INFO](main_4.py:264) ETH-0.91
[2022/06/12 18:17:15][INFO](main_4.py:265) SAND-0.19
[2022/06/12 18:17:15][INFO](main_4.py:266) BNB0.09
[2022/06/12 18:17:15][INFO](main_4.py:351) 88
[2022/06/12 18:18:16][INFO](main_4.py:254) BTC残高:0.00581902
[2022/06/12 18:18:16][INFO](main_4.py:255) ETH残高:0.10536937
[2022/06/12 18:18:16][INFO](main_4.py:256) SAND残高:159.92886
[2022/06/12 18:18:16][INFO](main_4.py:257) BNB残高:0.625344
[2022/06/12 18:18:16][INFO](main_4.py:263) BTC-0.16
[2022/06/12 18:18:16][INFO](main_4.py:264) ETH-0.93
[2022/06/12 18:18:16][INFO](main_4.py:265) SAND-0.08
[2022/06/12 18:18:16][INFO](main_4.py:266) BNB0.03
[2022/06/12 18:18:16][INFO](main_4.py:351) 89
[2022/06/12 18:19:16][INFO](main_4.py:254) BTC残高:0.00581902
[2022/06/12 18:19:16][INFO](main_4.py:255) ETH残高:0.10536937
[2022/06/12 18:19:16][INFO](main_4.py:256) SAND残高:159.92886
[2022/06/12 18:19:16][INFO](main_4.py:257) BNB残高:0.625344
[2022/06/12 18:19:17][INFO](main_4.py:263) BTC-0.19
[2022/06/12 18:19:17][INFO](main_4.py:264) ETH-0.93
[2022/06/12 18:19:17][INFO](main_4.py:265) SAND-0.08
[2022/06/12 18:19:17][INFO](main_4.py:266) BNB0.05
[2022/06/12 18:19:17][INFO](main_4.py:351) 90
[2022/06/12 18:20:17][INFO](main_4.py:254) BTC残高:0.00581902
[2022/06/12 18:20:17][INFO](main_4.py:255) ETH残高:0.10536937
[2022/06/12 18:20:17][INFO](main_4.py:256) SAND残高:159.92886
[2022/06/12 18:20:17][INFO](main_4.py:257) BNB残高:0.625344
[2022/06/12 18:20:17][INFO](main_4.py:263) BTC-0.2
[2022/06/12 18:20:17][INFO](main_4.py:264) ETH-0.96
[2022/06/12 18:20:17][INFO](main_4.py:265) SAND-0.05
[2022/06/12 18:20:17][INFO](main_4.py:266) BNB0.07
[2022/06/12 18:20:17][INFO](main_4.py:351) 91
[2022/06/12 18:21:07][DEBUG](__init__.py:124) Initializing HTTP session.
[2022/06/12 18:21:07][INFO](main_4.py:254) BTC残高:0.00581902
[2022/06/12 18:21:07][INFO](main_4.py:255) ETH残高:0.10536937
[2022/06/12 18:21:07][INFO](main_4.py:256) SAND残高:159.92886
[2022/06/12 18:21:07][INFO](main_4.py:257) BNB残高:0.625344
[2022/06/12 18:21:08][INFO](main_4.py:263) BTC0.11
[2022/06/12 18:21:08][INFO](main_4.py:264) ETH-0.68
[2022/06/12 18:21:08][INFO](main_4.py:265) SAND0.17
[2022/06/12 18:21:08][INFO](main_4.py:266) BNB0.4
[2022/06/12 18:21:08][WARNING](main_4.py:148) failed sell order
[2022/06/12 18:21:08][WARNING](main_4.py:149) Parameter 'quantity' was empty.
[2022/06/12 18:21:08][INFO](main_4.py:150) BTCUSDT
[2022/06/12 18:21:08][INFO](main_4.py:151) 6.4125817858936025e-06
[2022/06/12 18:21:11][WARNING](main_4.py:180) failed buy order
[2022/06/12 18:21:11][WARNING](main_4.py:181) Parameter 'quantity' was empty.
[2022/06/12 18:21:11][INFO](main_4.py:182) ETHUSDT
[2022/06/12 18:21:11][INFO](main_4.py:183) 0.21371471652031282
[2022/06/12 18:21:12][INFO](main_4.py:351) 0
[2022/06/12 18:21:35][DEBUG](__init__.py:124) Initializing HTTP session.
[2022/06/12 18:21:36][INFO](main_4.py:254) BTC残高:0.00618165
[2022/06/12 18:21:36][INFO](main_4.py:255) ETH残高:0.10536937
[2022/06/12 18:21:36][INFO](main_4.py:256) SAND残高:159.38886
[2022/06/12 18:21:36][INFO](main_4.py:257) BNB残高:0.615344
[2022/06/12 18:21:36][INFO](main_4.py:263) BTC1.41
[2022/06/12 18:21:36][INFO](main_4.py:264) ETH-0.93
[2022/06/12 18:21:36][INFO](main_4.py:265) SAND-0.2
[2022/06/12 18:21:36][INFO](main_4.py:266) BNB-0.28
[2022/06/12 18:21:37][INFO](main_4.py:351) 0
[2022/06/12 18:21:37][INFO](main_4.py:254) BTC残高:0.00585165
[2022/06/12 18:21:37][INFO](main_4.py:255) ETH残高:0.10536937
[2022/06/12 18:21:37][INFO](main_4.py:256) SAND残高:159.38886
[2022/06/12 18:21:37][INFO](main_4.py:257) BNB残高:0.615344
[2022/06/12 18:21:37][INFO](main_4.py:263) BTC0.36
[2022/06/12 18:21:37][INFO](main_4.py:264) ETH-0.58
[2022/06/12 18:21:37][INFO](main_4.py:265) SAND0.16
[2022/06/12 18:21:37][INFO](main_4.py:266) BNB0.07
[2022/06/12 18:21:38][WARNING](main_4.py:148) failed sell order
[2022/06/12 18:21:38][WARNING](main_4.py:149) Parameter 'quantity' was empty.
[2022/06/12 18:21:38][INFO](main_4.py:150) BTCUSDT
[2022/06/12 18:21:38][INFO](main_4.py:151) 2.0511492359317847e-05
[2022/06/12 18:21:39][WARNING](main_4.py:148) failed sell order
[2022/06/12 18:21:39][WARNING](main_4.py:149) Order quantity lower than the minimum.
[2022/06/12 18:21:39][INFO](main_4.py:150) SANDUSDT
[2022/06/12 18:21:39][INFO](main_4.py:151) 0.24631439061299684
[2022/06/12 18:21:40][INFO](main_4.py:351) 1
[2022/06/12 18:21:40][INFO](main_4.py:254) BTC残高:0.00585165
[2022/06/12 18:21:40][INFO](main_4.py:255) ETH残高:0.10536937
[2022/06/12 18:21:40][INFO](main_4.py:256) SAND残高:159.38886
[2022/06/12 18:21:40][INFO](main_4.py:257) BNB残高:0.615344
[2022/06/12 18:21:40][INFO](main_4.py:263) BTC0.36
[2022/06/12 18:21:40][INFO](main_4.py:264) ETH-0.58
[2022/06/12 18:21:40][INFO](main_4.py:265) SAND0.16
[2022/06/12 18:21:40][INFO](main_4.py:266) BNB0.07
[2022/06/12 18:21:41][WARNING](main_4.py:148) failed sell order
[2022/06/12 18:21:41][WARNING](main_4.py:149) Parameter 'quantity' was empty.
[2022/06/12 18:21:41][INFO](main_4.py:150) BTCUSDT
[2022/06/12 18:21:41][INFO](main_4.py:151) 2.0549750230603366e-05
[2022/06/12 18:21:48][DEBUG](__init__.py:124) Initializing HTTP session.
[2022/06/12 18:21:49][INFO](main_4.py:254) BTC残高:0.00585165
[2022/06/12 18:21:49][INFO](main_4.py:255) ETH残高:0.10536937
[2022/06/12 18:21:49][INFO](main_4.py:256) SAND残高:159.38886
[2022/06/12 18:21:49][INFO](main_4.py:257) BNB残高:0.615344
[2022/06/12 18:21:49][INFO](main_4.py:263) BTC0.37
[2022/06/12 18:21:49][INFO](main_4.py:264) ETH-0.57
[2022/06/12 18:21:49][INFO](main_4.py:265) SAND0.17
[2022/06/12 18:21:49][INFO](main_4.py:266) BNB0.04
[2022/06/12 18:21:50][WARNING](main_4.py:148) failed sell order
[2022/06/12 18:21:50][WARNING](main_4.py:149) Parameter 'quantity' was empty.
[2022/06/12 18:21:50][INFO](main_4.py:150) BTCUSDT
[2022/06/12 18:21:50][INFO](main_4.py:151) 2.1256115849801745e-05
[2022/06/12 18:21:52][WARNING](main_4.py:180) failed buy order
[2022/06/12 18:21:52][WARNING](main_4.py:181) Parameter 'quantity' was empty.
[2022/06/12 18:21:52][INFO](main_4.py:182) ETHUSDT
[2022/06/12 18:21:52][INFO](main_4.py:183) 0.2206218500624999
[2022/06/12 18:21:53][INFO](main_4.py:351) 0
[2022/06/12 18:22:53][INFO](main_4.py:254) BTC残高:0.00585165
[2022/06/12 18:22:53][INFO](main_4.py:255) ETH残高:0.10536937
[2022/06/12 18:22:53][INFO](main_4.py:256) SAND残高:158.85886
[2022/06/12 18:22:53][INFO](main_4.py:257) BNB残高:0.615344
[2022/06/12 18:22:53][INFO](main_4.py:263) BTC0.37
[2022/06/12 18:22:53][INFO](main_4.py:264) ETH-0.57
[2022/06/12 18:22:53][INFO](main_4.py:265) SAND0.13
[2022/06/12 18:22:53][INFO](main_4.py:266) BNB0.08
[2022/06/12 18:22:54][WARNING](main_4.py:148) failed sell order
[2022/06/12 18:22:54][WARNING](main_4.py:149) Parameter 'quantity' was empty.
[2022/06/12 18:22:54][INFO](main_4.py:150) BTCUSDT
[2022/06/12 18:22:54][INFO](main_4.py:151) 2.105645064598675e-05
[2022/06/12 18:22:55][WARNING](main_4.py:148) failed sell order
[2022/06/12 18:22:55][WARNING](main_4.py:149) Order quantity lower than the minimum.
[2022/06/12 18:22:55][INFO](main_4.py:150) SANDUSDT
[2022/06/12 18:22:55][INFO](main_4.py:151) 0.19969373971843182

[2022/06/12 18:22:56][WARNING](main_4.py:180) failed buy order
[2022/06/12 18:22:56][WARNING](main_4.py:181) Parameter 'quantity' was empty.
[2022/06/12 18:22:56][INFO](main_4.py:182) ETHUSDT
[2022/06/12 18:22:56][INFO](main_4.py:183) 0.2254083885906244
[2022/06/12 18:22:57][INFO](main_4.py:351) 1

[2022/06/12 18:25:23][DEBUG](__init__.py:124) Initializing HTTP session.
[2022/06/12 18:25:23][INFO](main_4.py:254) BTC残高:0.00621329
[2022/06/12 18:25:23][INFO](main_4.py:255) ETH残高:0.10536937
[2022/06/12 18:25:23][INFO](main_4.py:256) SAND残高:158.85886
[2022/06/12 18:25:23][INFO](main_4.py:257) BNB残高:0.615344
[2022/06/12 18:25:24][INFO](main_4.py:263) BTC1.51
[2022/06/12 18:25:24][INFO](main_4.py:264) ETH-0.94
[2022/06/12 18:25:24][INFO](main_4.py:265) SAND-0.27
[2022/06/12 18:25:24][INFO](main_4.py:266) BNB-0.3
[2022/06/12 18:25:25][INFO](main_4.py:351) 0
[2022/06/12 18:25:42][DEBUG](__init__.py:124) Initializing HTTP session.
[2022/06/12 18:25:42][INFO](main_4.py:254) BTC残高:0.00586029
[2022/06/12 18:25:42][INFO](main_4.py:255) ETH残高:0.10536937
[2022/06/12 18:25:42][INFO](main_4.py:256) SAND残高:158.85886
[2022/06/12 18:25:42][INFO](main_4.py:257) BNB残高:0.615344
[2022/06/12 18:25:43][INFO](main_4.py:263) BTC0.38
[2022/06/12 18:25:43][INFO](main_4.py:264) ETH-0.58
[2022/06/12 18:25:43][INFO](main_4.py:265) SAND0.13
[2022/06/12 18:25:43][INFO](main_4.py:266) BNB0.07
[2022/06/12 18:25:43][WARNING](main_4.py:148) failed sell order
[2022/06/12 18:25:43][WARNING](main_4.py:149) Parameter 'quantity' was empty.
[2022/06/12 18:25:43][INFO](main_4.py:150) BTCUSDT
[2022/06/12 18:25:43][INFO](main_4.py:151) 2.187475787384245e-05
[2022/06/12 18:25:44][WARNING](main_4.py:148) failed sell order
[2022/06/12 18:25:44][WARNING](main_4.py:149) Order quantity lower than the minimum.
[2022/06/12 18:25:44][INFO](main_4.py:150) SANDUSDT
[2022/06/12 18:25:44][INFO](main_4.py:151) 0.1987569970835497
[2022/06/12 18:25:45][INFO](main_4.py:351) 0
[2022/06/12 18:25:45][INFO](main_4.py:254) BTC残高:0.00586029
[2022/06/12 18:25:45][INFO](main_4.py:255) ETH残高:0.10536937
[2022/06/12 18:25:45][INFO](main_4.py:256) SAND残高:158.85886
[2022/06/12 18:25:45][INFO](main_4.py:257) BNB残高:0.615344
[2022/06/12 18:25:45][INFO](main_4.py:263) BTC0.38
[2022/06/12 18:25:45][INFO](main_4.py:264) ETH-0.58
[2022/06/12 18:25:45][INFO](main_4.py:265) SAND0.13
[2022/06/12 18:25:45][INFO](main_4.py:266) BNB0.07
[2022/06/12 18:25:46][WARNING](main_4.py:148) failed sell order
[2022/06/12 18:25:46][WARNING](main_4.py:149) Parameter 'quantity' was empty.
[2022/06/12 18:25:46][INFO](main_4.py:150) BTCUSDT
[2022/06/12 18:25:46][INFO](main_4.py:151) 2.187475787384245e-05
[2022/06/12 18:25:47][WARNING](main_4.py:148) failed sell order
[2022/06/12 18:25:47][WARNING](main_4.py:149) Order quantity lower than the minimum.
[2022/06/12 18:25:47][INFO](main_4.py:150) SANDUSDT
[2022/06/12 18:25:47][INFO](main_4.py:151) 0.1987569970835497
[2022/06/12 18:25:48][INFO](main_4.py:351) 1
[2022/06/12 18:25:48][INFO](main_4.py:254) BTC残高:0.00586029
[2022/06/12 18:25:48][INFO](main_4.py:255) ETH残高:0.10536937
[2022/06/12 18:25:48][INFO](main_4.py:256) SAND残高:158.85886
[2022/06/12 18:25:48][INFO](main_4.py:257) BNB残高:0.615344
[2022/06/12 18:25:48][INFO](main_4.py:263) BTC0.38
[2022/06/12 18:25:48][INFO](main_4.py:264) ETH-0.58
[2022/06/12 18:25:48][INFO](main_4.py:265) SAND0.13
[2022/06/12 18:25:48][INFO](main_4.py:266) BNB0.07
[2022/06/12 18:25:49][WARNING](main_4.py:148) failed sell order
[2022/06/12 18:25:49][WARNING](main_4.py:149) Parameter 'quantity' was empty.
[2022/06/12 18:25:49][INFO](main_4.py:150) BTCUSDT
[2022/06/12 18:25:49][INFO](main_4.py:151) 2.1867590994585826e-05
[2022/06/12 18:25:50][WARNING](main_4.py:148) failed sell order
[2022/06/12 18:25:50][WARNING](main_4.py:149) Order quantity lower than the minimum.
[2022/06/12 18:25:50][INFO](main_4.py:150) SANDUSDT
[2022/06/12 18:25:50][INFO](main_4.py:151) 0.19856076195134978
[2022/06/12 18:31:43][DEBUG](__init__.py:124) Initializing HTTP session.
[2022/06/12 18:31:44][INFO](main_4.py:254) BTC残高:0.00586029
[2022/06/12 18:31:44][INFO](main_4.py:255) ETH残高:0.10536937
[2022/06/12 18:31:44][INFO](main_4.py:256) SAND残高:158.85886
[2022/06/12 18:31:44][INFO](main_4.py:257) BNB残高:0.615344
[2022/06/12 18:31:45][INFO](main_4.py:263) BTC0.41
[2022/06/12 18:31:45][INFO](main_4.py:264) ETH-0.59
[2022/06/12 18:31:45][INFO](main_4.py:265) SAND0.15
[2022/06/12 18:31:45][INFO](main_4.py:266) BNB0.03
[2022/06/12 18:31:45][WARNING](main_4.py:148) failed sell order
[2022/06/12 18:31:45][WARNING](main_4.py:149) Parameter 'quantity' was empty.
[2022/06/12 18:31:45][INFO](main_4.py:150) BTCUSDT
[2022/06/12 18:31:45][INFO](main_4.py:151) 2.3550395989922872e-05
[2022/06/12 18:31:46][WARNING](main_4.py:148) failed sell order
[2022/06/12 18:31:46][WARNING](main_4.py:149) Order quantity lower than the minimum.
[2022/06/12 18:31:46][INFO](main_4.py:150) SANDUSDT
[2022/06/12 18:31:46][INFO](main_4.py:151) 0.23853985275930628
[2022/06/12 18:31:47][INFO](main_4.py:351) 0
[2022/06/12 18:31:47][INFO](main_4.py:254) BTC残高:0.00586029
[2022/06/12 18:31:47][INFO](main_4.py:255) ETH残高:0.10536937
[2022/06/12 18:31:47][INFO](main_4.py:256) SAND残高:158.85886
[2022/06/12 18:31:47][INFO](main_4.py:257) BNB残高:0.615344
[2022/06/12 18:31:48][INFO](main_4.py:263) BTC0.41
[2022/06/12 18:31:48][INFO](main_4.py:264) ETH-0.59
[2022/06/12 18:31:48][INFO](main_4.py:265) SAND0.15
[2022/06/12 18:31:48][INFO](main_4.py:266) BNB0.03
[2022/06/12 18:31:48][WARNING](main_4.py:148) failed sell order
[2022/06/12 18:31:48][WARNING](main_4.py:149) Parameter 'quantity' was empty.
[2022/06/12 18:31:48][INFO](main_4.py:150) BTCUSDT
[2022/06/12 18:31:48][INFO](main_4.py:151) 2.3550395989922872e-05
[2022/06/12 18:31:49][WARNING](main_4.py:148) failed sell order
[2022/06/12 18:31:49][WARNING](main_4.py:149) Order quantity lower than the minimum.
[2022/06/12 18:31:49][INFO](main_4.py:150) SANDUSDT
[2022/06/12 18:31:49][INFO](main_4.py:151) 0.23853985275930628
[2022/06/12 18:31:50][INFO](main_4.py:351) 1
[2022/06/12 18:31:50][INFO](main_4.py:254) BTC残高:0.00586029
[2022/06/12 18:31:50][INFO](main_4.py:255) ETH残高:0.10536937
[2022/06/12 18:31:50][INFO](main_4.py:256) SAND残高:158.85886
[2022/06/12 18:31:50][INFO](main_4.py:257) BNB残高:0.615344
[2022/06/12 18:31:50][INFO](main_4.py:263) BTC0.41
[2022/06/12 18:31:50][INFO](main_4.py:264) ETH-0.59
[2022/06/12 18:31:50][INFO](main_4.py:265) SAND0.15
[2022/06/12 18:31:50][INFO](main_4.py:266) BNB0.03
[2022/06/12 18:31:51][WARNING](main_4.py:148) failed sell order
[2022/06/12 18:31:51][WARNING](main_4.py:149) Parameter 'quantity' was empty.
[2022/06/12 18:31:51][INFO](main_4.py:150) BTCUSDT
[2022/06/12 18:31:51][INFO](main_4.py:151) 2.359826765746808e-05
[2022/06/12 18:31:52][WARNING](main_4.py:148) failed sell order
[2022/06/12 18:31:52][WARNING](main_4.py:149) Order quantity lower than the minimum.
[2022/06/12 18:31:52][INFO](main_4.py:150) SANDUSDT
[2022/06/12 18:31:52][INFO](main_4.py:151) 0.23985082144119327
[2022/06/12 18:31:53][INFO](main_4.py:351) 2
[2022/06/12 18:31:53][INFO](main_4.py:254) BTC残高:0.00586029
[2022/06/12 18:31:53][INFO](main_4.py:255) ETH残高:0.10536937
[2022/06/12 18:31:53][INFO](main_4.py:256) SAND残高:158.85886
[2022/06/12 18:31:53][INFO](main_4.py:257) BNB残高:0.615344
[2022/06/12 19:01:01][DEBUG](__init__.py:124) Initializing HTTP session.
[2022/06/12 19:01:01][INFO](main_4.py:254) BTC残高:0.00586029
[2022/06/12 19:01:01][INFO](main_4.py:255) ETH残高:0.10536937
[2022/06/12 19:01:01][INFO](main_4.py:256) SAND残高:158.85886
[2022/06/12 19:01:01][INFO](main_4.py:257) BNB残高:0.615344
[2022/06/12 19:01:02][INFO](main_4.py:263) BTC0.52
[2022/06/12 19:01:02][INFO](main_4.py:264) ETH-0.55
[2022/06/12 19:01:02][INFO](main_4.py:265) SAND-0.08
[2022/06/12 19:01:02][INFO](main_4.py:266) BNB0.12
[2022/06/12 19:01:02][WARNING](main_4.py:148) failed sell order
[2022/06/12 19:01:02][WARNING](main_4.py:149) Parameter 'quantity' was empty.
[2022/06/12 19:01:02][INFO](main_4.py:150) BTCUSDT
[2022/06/12 19:01:02][INFO](main_4.py:151) 2.961238559577146e-05
[2022/06/12 19:01:05][WARNING](main_4.py:180) failed buy order
[2022/06/12 19:01:05][WARNING](main_4.py:181) Parameter 'quantity' was empty.
[2022/06/12 19:01:05][INFO](main_4.py:182) ETHUSDT
[2022/06/12 19:01:05][INFO](main_4.py:183) 0.198997233650001
